{"/home/carlos/D/plantomium/src/cms.js":{"path":"/home/carlos/D/plantomium/src/cms.js","statementMap":{"0":{"start":{"line":1,"column":12},"end":{"line":1,"column":28}},"1":{"start":{"line":20,"column":0},"end":{"line":20,"column":21}},"2":{"start":{"line":22,"column":0},"end":{"line":22,"column":47}},"3":{"start":{"line":23,"column":0},"end":{"line":23,"column":48}},"4":{"start":{"line":24,"column":0},"end":{"line":24,"column":48}},"5":{"start":{"line":27,"column":0},"end":{"line":44,"column":5}},"6":{"start":{"line":28,"column":1},"end":{"line":43,"column":2}},"7":{"start":{"line":29,"column":2},"end":{"line":29,"column":28}},"8":{"start":{"line":30,"column":2},"end":{"line":30,"column":31}},"9":{"start":{"line":31,"column":2},"end":{"line":40,"column":5}},"10":{"start":{"line":32,"column":3},"end":{"line":39,"column":4}},"11":{"start":{"line":33,"column":4},"end":{"line":33,"column":41}},"12":{"start":{"line":34,"column":4},"end":{"line":34,"column":32}},"13":{"start":{"line":35,"column":4},"end":{"line":35,"column":33}},"14":{"start":{"line":36,"column":4},"end":{"line":36,"column":76}},"15":{"start":{"line":36,"column":43},"end":{"line":36,"column":74}},"16":{"start":{"line":38,"column":4},"end":{"line":38,"column":16}},"17":{"start":{"line":42,"column":2},"end":{"line":42,"column":14}}},"fnMap":{"0":{"name":"(anonymous_0)","decl":{"start":{"line":27,"column":19},"end":{"line":27,"column":20}},"loc":{"start":{"line":27,"column":36},"end":{"line":44,"column":1}},"line":27},"1":{"name":"(anonymous_1)","decl":{"start":{"line":31,"column":43},"end":{"line":31,"column":44}},"loc":{"start":{"line":31,"column":60},"end":{"line":40,"column":3}},"line":31},"2":{"name":"(anonymous_2)","decl":{"start":{"line":36,"column":29},"end":{"line":36,"column":30}},"loc":{"start":{"line":36,"column":43},"end":{"line":36,"column":74}},"line":36}},"branchMap":{},"s":{"0":1,"1":1,"2":1,"3":1,"4":1,"5":1,"6":1,"7":1,"8":1,"9":1,"10":1,"11":1,"12":1,"13":1,"14":1,"15":1,"16":0,"17":0},"f":{"0":1,"1":1,"2":1},"b":{},"_coverageSchema":"1a1c01bbd47fc00a2c39e90264f33305004495a9","hash":"634c9ad08f2cb52f3f63ec892309d0d13fedb746","contentHash":"5ecb0c7bc1ad4e0a9af899790711a1f69fd022a20c6fa0ab5977ec503177ae11"},"/home/carlos/D/plantomium/src/deploy/load-env.js":{"path":"/home/carlos/D/plantomium/src/deploy/load-env.js","statementMap":{"0":{"start":{"line":1,"column":13},"end":{"line":1,"column":28}},"1":{"start":{"line":2,"column":15},"end":{"line":2,"column":32}},"2":{"start":{"line":3,"column":21},"end":{"line":3,"column":45}},"3":{"start":{"line":22,"column":0},"end":{"line":28,"column":1}},"4":{"start":{"line":23,"column":1},"end":{"line":23,"column":64}},"5":{"start":{"line":24,"column":1},"end":{"line":24,"column":54}},"6":{"start":{"line":25,"column":13},"end":{"line":25,"column":99}},"7":{"start":{"line":26,"column":1},"end":{"line":26,"column":19}},"8":{"start":{"line":27,"column":1},"end":{"line":27,"column":20}}},"fnMap":{"0":{"name":"(anonymous_0)","decl":{"start":{"line":22,"column":17},"end":{"line":22,"column":18}},"loc":{"start":{"line":22,"column":31},"end":{"line":28,"column":1}},"line":22}},"branchMap":{"0":{"loc":{"start":{"line":25,"column":34},"end":{"line":25,"column":97}},"type":"binary-expr","locations":[{"start":{"line":25,"column":34},"end":{"line":25,"column":87}},{"start":{"line":25,"column":91},"end":{"line":25,"column":97}}],"line":25}},"s":{"0":1,"1":1,"2":1,"3":1,"4":1,"5":1,"6":1,"7":1,"8":1},"f":{"0":1},"b":{"0":[1,0]},"_coverageSchema":"1a1c01bbd47fc00a2c39e90264f33305004495a9","hash":"91f61d2014cc42a75cae254ced73c908d6ab82f2","contentHash":"9c6d48c263e27097ccd2d202dc703d52aa1841f20f78b2a6c152a9e0ac4a85fc"},"/home/carlos/D/plantomium/src/deploy/load-api.js":{"path":"/home/carlos/D/plantomium/src/deploy/load-api.js","statementMap":{"0":{"start":{"line":18,"column":0},"end":{"line":27,"column":1}},"1":{"start":{"line":19,"column":1},"end":{"line":19,"column":76}},"2":{"start":{"line":20,"column":1},"end":{"line":20,"column":83}},"3":{"start":{"line":21,"column":1},"end":{"line":24,"column":3}},"4":{"start":{"line":25,"column":1},"end":{"line":25,"column":71}},"5":{"start":{"line":26,"column":1},"end":{"line":26,"column":12}}},"fnMap":{"0":{"name":"(anonymous_0)","decl":{"start":{"line":18,"column":17},"end":{"line":18,"column":18}},"loc":{"start":{"line":18,"column":31},"end":{"line":27,"column":1}},"line":18}},"branchMap":{},"s":{"0":1,"1":1,"2":1,"3":1,"4":1,"5":1},"f":{"0":1},"b":{},"_coverageSchema":"1a1c01bbd47fc00a2c39e90264f33305004495a9","hash":"aaacbe32e30b9ef35c7f568a09e1490e9e69a4cf","contentHash":"26e7047176357a8d21d7e2c6f4315b09fc0dea369862dec80d0602017a5e97e0"},"/home/carlos/D/plantomium/src/utils/index.js":{"path":"/home/carlos/D/plantomium/src/utils/index.js","statementMap":{"0":{"start":{"line":1,"column":13},"end":{"line":1,"column":28}},"1":{"start":{"line":2,"column":11},"end":{"line":2,"column":24}},"2":{"start":{"line":3,"column":13},"end":{"line":3,"column":28}},"3":{"start":{"line":4,"column":12},"end":{"line":4,"column":26}},"4":{"start":{"line":5,"column":20},"end":{"line":5,"column":43}},"5":{"start":{"line":24,"column":0},"end":{"line":169,"column":2}},"6":{"start":{"line":26,"column":1},"end":{"line":32,"column":2}},"7":{"start":{"line":27,"column":2},"end":{"line":30,"column":3}},"8":{"start":{"line":27,"column":16},"end":{"line":27,"column":17}},"9":{"start":{"line":28,"column":15},"end":{"line":28,"column":26}},"10":{"start":{"line":29,"column":3},"end":{"line":29,"column":49}},"11":{"start":{"line":31,"column":2},"end":{"line":31,"column":18}},"12":{"start":{"line":34,"column":1},"end":{"line":36,"column":2}},"13":{"start":{"line":35,"column":2},"end":{"line":35,"column":23}},"14":{"start":{"line":38,"column":1},"end":{"line":38,"column":16}},"15":{"start":{"line":40,"column":1},"end":{"line":43,"column":3}},"16":{"start":{"line":45,"column":1},"end":{"line":59,"column":3}},"17":{"start":{"line":46,"column":17},"end":{"line":55,"column":3}},"18":{"start":{"line":56,"column":2},"end":{"line":56,"column":32}},"19":{"start":{"line":58,"column":2},"end":{"line":58,"column":16}},"20":{"start":{"line":61,"column":1},"end":{"line":65,"column":3}},"21":{"start":{"line":62,"column":2},"end":{"line":64,"column":5}},"22":{"start":{"line":63,"column":3},"end":{"line":63,"column":47}},"23":{"start":{"line":67,"column":1},"end":{"line":69,"column":3}},"24":{"start":{"line":68,"column":2},"end":{"line":68,"column":34}},"25":{"start":{"line":71,"column":1},"end":{"line":75,"column":3}},"26":{"start":{"line":72,"column":2},"end":{"line":74,"column":5}},"27":{"start":{"line":73,"column":3},"end":{"line":73,"column":47}},"28":{"start":{"line":77,"column":1},"end":{"line":90,"column":2}},"29":{"start":{"line":78,"column":12},"end":{"line":78,"column":14}},"30":{"start":{"line":79,"column":14},"end":{"line":79,"column":22}},"31":{"start":{"line":80,"column":2},"end":{"line":87,"column":3}},"32":{"start":{"line":81,"column":18},"end":{"line":81,"column":34}},"33":{"start":{"line":82,"column":11},"end":{"line":82,"column":12}},"34":{"start":{"line":83,"column":3},"end":{"line":86,"column":4}},"35":{"start":{"line":84,"column":4},"end":{"line":84,"column":8}},"36":{"start":{"line":85,"column":4},"end":{"line":85,"column":17}},"37":{"start":{"line":88,"column":2},"end":{"line":88,"column":13}},"38":{"start":{"line":89,"column":2},"end":{"line":89,"column":13}},"39":{"start":{"line":92,"column":1},"end":{"line":107,"column":2}},"40":{"start":{"line":93,"column":15},"end":{"line":93,"column":52}},"41":{"start":{"line":94,"column":2},"end":{"line":98,"column":3}},"42":{"start":{"line":95,"column":3},"end":{"line":97,"column":5}},"43":{"start":{"line":99,"column":17},"end":{"line":99,"column":91}},"44":{"start":{"line":100,"column":18},"end":{"line":100,"column":31}},"45":{"start":{"line":101,"column":26},"end":{"line":101,"column":94}},"46":{"start":{"line":102,"column":14},"end":{"line":102,"column":21}},"47":{"start":{"line":103,"column":2},"end":{"line":105,"column":3}},"48":{"start":{"line":104,"column":3},"end":{"line":104,"column":37}},"49":{"start":{"line":106,"column":2},"end":{"line":106,"column":15}},"50":{"start":{"line":109,"column":1},"end":{"line":136,"column":2}},"51":{"start":{"line":110,"column":24},"end":{"line":110,"column":47}},"52":{"start":{"line":111,"column":25},"end":{"line":111,"column":54}},"53":{"start":{"line":112,"column":15},"end":{"line":112,"column":17}},"54":{"start":{"line":113,"column":24},"end":{"line":113,"column":58}},"55":{"start":{"line":114,"column":2},"end":{"line":120,"column":3}},"56":{"start":{"line":115,"column":3},"end":{"line":115,"column":43}},"57":{"start":{"line":116,"column":17},"end":{"line":116,"column":74}},"58":{"start":{"line":117,"column":3},"end":{"line":119,"column":4}},"59":{"start":{"line":118,"column":4},"end":{"line":118,"column":17}},"60":{"start":{"line":121,"column":2},"end":{"line":134,"column":3}},"61":{"start":{"line":121,"column":19},"end":{"line":121,"column":20}},"62":{"start":{"line":122,"column":20},"end":{"line":122,"column":41}},"63":{"start":{"line":123,"column":16},"end":{"line":123,"column":53}},"64":{"start":{"line":124,"column":20},"end":{"line":124,"column":38}},"65":{"start":{"line":125,"column":3},"end":{"line":133,"column":4}},"66":{"start":{"line":126,"column":4},"end":{"line":132,"column":5}},"67":{"start":{"line":127,"column":20},"end":{"line":130,"column":28}},"68":{"start":{"line":131,"column":5},"end":{"line":131,"column":76}},"69":{"start":{"line":135,"column":2},"end":{"line":135,"column":14}},"70":{"start":{"line":138,"column":1},"end":{"line":145,"column":3}},"71":{"start":{"line":139,"column":19},"end":{"line":139,"column":48}},"72":{"start":{"line":140,"column":19},"end":{"line":140,"column":55}},"73":{"start":{"line":141,"column":2},"end":{"line":144,"column":3}},"74":{"start":{"line":142,"column":22},"end":{"line":142,"column":65}},"75":{"start":{"line":143,"column":3},"end":{"line":143,"column":52}},"76":{"start":{"line":147,"column":1},"end":{"line":164,"column":2}},"77":{"start":{"line":148,"column":24},"end":{"line":148,"column":47}},"78":{"start":{"line":149,"column":25},"end":{"line":149,"column":54}},"79":{"start":{"line":150,"column":15},"end":{"line":150,"column":17}},"80":{"start":{"line":151,"column":2},"end":{"line":162,"column":3}},"81":{"start":{"line":151,"column":19},"end":{"line":151,"column":20}},"82":{"start":{"line":152,"column":20},"end":{"line":152,"column":41}},"83":{"start":{"line":153,"column":16},"end":{"line":153,"column":53}},"84":{"start":{"line":154,"column":20},"end":{"line":154,"column":38}},"85":{"start":{"line":155,"column":3},"end":{"line":161,"column":4}},"86":{"start":{"line":156,"column":19},"end":{"line":159,"column":29}},"87":{"start":{"line":160,"column":4},"end":{"line":160,"column":79}},"88":{"start":{"line":163,"column":2},"end":{"line":163,"column":14}},"89":{"start":{"line":166,"column":1},"end":{"line":166,"column":64}},"90":{"start":{"line":168,"column":1},"end":{"line":168,"column":18}}},"fnMap":{"0":{"name":"(anonymous_0)","decl":{"start":{"line":24,"column":17},"end":{"line":24,"column":18}},"loc":{"start":{"line":24,"column":31},"end":{"line":169,"column":1}},"line":24},"1":{"name":"(anonymous_1)","decl":{"start":{"line":26,"column":13},"end":{"line":26,"column":14}},"loc":{"start":{"line":26,"column":31},"end":{"line":32,"column":2}},"line":26},"2":{"name":"(anonymous_2)","decl":{"start":{"line":34,"column":13},"end":{"line":34,"column":14}},"loc":{"start":{"line":34,"column":31},"end":{"line":36,"column":2}},"line":34},"3":{"name":"(anonymous_3)","decl":{"start":{"line":45,"column":30},"end":{"line":45,"column":31}},"loc":{"start":{"line":45,"column":56},"end":{"line":59,"column":2}},"line":45},"4":{"name":"(anonymous_4)","decl":{"start":{"line":61,"column":35},"end":{"line":61,"column":36}},"loc":{"start":{"line":61,"column":50},"end":{"line":65,"column":2}},"line":61},"5":{"name":"(anonymous_5)","decl":{"start":{"line":62,"column":34},"end":{"line":62,"column":35}},"loc":{"start":{"line":62,"column":50},"end":{"line":64,"column":3}},"line":62},"6":{"name":"(anonymous_6)","decl":{"start":{"line":67,"column":33},"end":{"line":67,"column":34}},"loc":{"start":{"line":67,"column":48},"end":{"line":69,"column":2}},"line":67},"7":{"name":"(anonymous_7)","decl":{"start":{"line":71,"column":36},"end":{"line":71,"column":37}},"loc":{"start":{"line":71,"column":51},"end":{"line":75,"column":2}},"line":71},"8":{"name":"(anonymous_8)","decl":{"start":{"line":72,"column":34},"end":{"line":72,"column":35}},"loc":{"start":{"line":72,"column":50},"end":{"line":74,"column":3}},"line":72},"9":{"name":"(anonymous_9)","decl":{"start":{"line":77,"column":17},"end":{"line":77,"column":18}},"loc":{"start":{"line":77,"column":53},"end":{"line":90,"column":2}},"line":77},"10":{"name":"(anonymous_10)","decl":{"start":{"line":92,"column":34},"end":{"line":92,"column":35}},"loc":{"start":{"line":92,"column":73},"end":{"line":107,"column":2}},"line":92},"11":{"name":"(anonymous_11)","decl":{"start":{"line":109,"column":30},"end":{"line":109,"column":31}},"loc":{"start":{"line":109,"column":72},"end":{"line":136,"column":2}},"line":109},"12":{"name":"(anonymous_12)","decl":{"start":{"line":138,"column":29},"end":{"line":138,"column":30}},"loc":{"start":{"line":138,"column":69},"end":{"line":145,"column":2}},"line":138},"13":{"name":"(anonymous_13)","decl":{"start":{"line":141,"column":9},"end":{"line":141,"column":10}},"loc":{"start":{"line":141,"column":35},"end":{"line":144,"column":3}},"line":141},"14":{"name":"(anonymous_14)","decl":{"start":{"line":147,"column":39},"end":{"line":147,"column":40}},"loc":{"start":{"line":147,"column":73},"end":{"line":164,"column":2}},"line":147}},"branchMap":{"0":{"loc":{"start":{"line":45,"column":39},"end":{"line":45,"column":54}},"type":"default-arg","locations":[{"start":{"line":45,"column":52},"end":{"line":45,"column":54}}],"line":45},"1":{"loc":{"start":{"line":77,"column":31},"end":{"line":77,"column":38}},"type":"default-arg","locations":[{"start":{"line":77,"column":37},"end":{"line":77,"column":38}}],"line":77},"2":{"loc":{"start":{"line":77,"column":40},"end":{"line":77,"column":51}},"type":"default-arg","locations":[{"start":{"line":77,"column":48},"end":{"line":77,"column":51}}],"line":77},"3":{"loc":{"start":{"line":80,"column":2},"end":{"line":87,"column":3}},"type":"if","locations":[{"start":{"line":80,"column":2},"end":{"line":87,"column":3}},{"start":{"line":80,"column":2},"end":{"line":87,"column":3}}],"line":80},"4":{"loc":{"start":{"line":94,"column":2},"end":{"line":98,"column":3}},"type":"if","locations":[{"start":{"line":94,"column":2},"end":{"line":98,"column":3}},{"start":{"line":94,"column":2},"end":{"line":98,"column":3}}],"line":94},"5":{"loc":{"start":{"line":101,"column":26},"end":{"line":101,"column":94}},"type":"binary-expr","locations":[{"start":{"line":101,"column":26},"end":{"line":101,"column":53}},{"start":{"line":101,"column":57},"end":{"line":101,"column":94}}],"line":101},"6":{"loc":{"start":{"line":103,"column":2},"end":{"line":105,"column":3}},"type":"if","locations":[{"start":{"line":103,"column":2},"end":{"line":105,"column":3}},{"start":{"line":103,"column":2},"end":{"line":105,"column":3}}],"line":103},"7":{"loc":{"start":{"line":109,"column":55},"end":{"line":109,"column":70}},"type":"default-arg","locations":[{"start":{"line":109,"column":68},"end":{"line":109,"column":70}}],"line":109},"8":{"loc":{"start":{"line":114,"column":2},"end":{"line":120,"column":3}},"type":"if","locations":[{"start":{"line":114,"column":2},"end":{"line":120,"column":3}},{"start":{"line":114,"column":2},"end":{"line":120,"column":3}}],"line":114},"9":{"loc":{"start":{"line":117,"column":3},"end":{"line":119,"column":4}},"type":"if","locations":[{"start":{"line":117,"column":3},"end":{"line":119,"column":4}},{"start":{"line":117,"column":3},"end":{"line":119,"column":4}}],"line":117},"10":{"loc":{"start":{"line":125,"column":3},"end":{"line":133,"column":4}},"type":"if","locations":[{"start":{"line":125,"column":3},"end":{"line":133,"column":4}},{"start":{"line":125,"column":3},"end":{"line":133,"column":4}}],"line":125},"11":{"loc":{"start":{"line":126,"column":4},"end":{"line":132,"column":5}},"type":"if","locations":[{"start":{"line":126,"column":4},"end":{"line":132,"column":5}},{"start":{"line":126,"column":4},"end":{"line":132,"column":5}}],"line":126},"12":{"loc":{"start":{"line":138,"column":55},"end":{"line":138,"column":67}},"type":"default-arg","locations":[{"start":{"line":138,"column":65},"end":{"line":138,"column":67}}],"line":138},"13":{"loc":{"start":{"line":141,"column":10},"end":{"line":141,"column":30}},"type":"default-arg","locations":[{"start":{"line":141,"column":28},"end":{"line":141,"column":30}}],"line":141},"14":{"loc":{"start":{"line":147,"column":59},"end":{"line":147,"column":71}},"type":"default-arg","locations":[{"start":{"line":147,"column":69},"end":{"line":147,"column":71}}],"line":147},"15":{"loc":{"start":{"line":155,"column":3},"end":{"line":161,"column":4}},"type":"if","locations":[{"start":{"line":155,"column":3},"end":{"line":161,"column":4}},{"start":{"line":155,"column":3},"end":{"line":161,"column":4}}],"line":155}},"s":{"0":1,"1":1,"2":1,"3":1,"4":1,"5":1,"6":1,"7":0,"8":0,"9":0,"10":0,"11":0,"12":1,"13":0,"14":1,"15":1,"16":1,"17":118,"18":118,"19":118,"20":1,"21":385,"22":454,"23":1,"24":0,"25":1,"26":2,"27":6,"28":1,"29":336,"30":336,"31":336,"32":152,"33":152,"34":152,"35":153,"36":153,"37":336,"38":336,"39":1,"40":176,"41":176,"42":0,"43":176,"44":176,"45":176,"46":176,"47":176,"48":0,"49":176,"50":1,"51":13,"52":13,"53":13,"54":13,"55":13,"56":1,"57":1,"58":1,"59":0,"60":13,"61":13,"62":182,"63":182,"64":182,"65":182,"66":176,"67":175,"68":175,"69":13,"70":1,"71":34,"72":34,"73":34,"74":21,"75":21,"76":1,"77":4,"78":4,"79":4,"80":4,"81":4,"82":34,"83":34,"84":34,"85":34,"86":34,"87":34,"88":4,"89":1,"90":1},"f":{"0":1,"1":0,"2":0,"3":118,"4":385,"5":454,"6":0,"7":2,"8":6,"9":336,"10":176,"11":13,"12":34,"13":21,"14":4},"b":{"0":[0],"1":[0],"2":[336],"3":[152,184],"4":[0,176],"5":[176,13],"6":[0,176],"7":[12],"8":[1,12],"9":[0,1],"10":[176,6],"11":[175,1],"12":[0],"13":[0],"14":[2],"15":[34,0]},"_coverageSchema":"1a1c01bbd47fc00a2c39e90264f33305004495a9","hash":"3be44b639f33a0ba208eb55df0a24c8d95e12184","contentHash":"d11e3bbb522ea1f9a7358f7a73828bdc0b2e9bed390baa19227ec1871c9597db"},"/home/carlos/D/plantomium/src/utils/compare-password.js":{"path":"/home/carlos/D/plantomium/src/utils/compare-password.js","statementMap":{"0":{"start":{"line":1,"column":15},"end":{"line":1,"column":32}},"1":{"start":{"line":2,"column":21},"end":{"line":2,"column":55}},"2":{"start":{"line":21,"column":0},"end":{"line":25,"column":1}},"3":{"start":{"line":22,"column":1},"end":{"line":24,"column":4}},"4":{"start":{"line":23,"column":2},"end":{"line":23,"column":68}}},"fnMap":{"0":{"name":"(anonymous_0)","decl":{"start":{"line":21,"column":17},"end":{"line":21,"column":18}},"loc":{"start":{"line":21,"column":53},"end":{"line":25,"column":1}},"line":21},"1":{"name":"(anonymous_1)","decl":{"start":{"line":22,"column":20},"end":{"line":22,"column":21}},"loc":{"start":{"line":22,"column":39},"end":{"line":24,"column":2}},"line":22}},"branchMap":{},"s":{"0":1,"1":1,"2":1,"3":3,"4":3},"f":{"0":3,"1":3},"b":{},"_coverageSchema":"1a1c01bbd47fc00a2c39e90264f33305004495a9","hash":"a64e23b8e85bd55dd7f8c7615b6cb51b12b59e4d","contentHash":"c33374be3ec4a0f0293ce8d73892b075417c5653df287cff33b9953e24c494a0"},"/home/carlos/D/plantomium/src/utils/data-getter.js":{"path":"/home/carlos/D/plantomium/src/utils/data-getter.js","statementMap":{"0":{"start":{"line":1,"column":28},"end":{"line":1,"column":60}},"1":{"start":{"line":3,"column":0},"end":{"line":19,"column":2}},"2":{"start":{"line":4,"column":16},"end":{"line":4,"column":65}},"3":{"start":{"line":5,"column":21},"end":{"line":5,"column":80}},"4":{"start":{"line":6,"column":19},"end":{"line":6,"column":23}},"5":{"start":{"line":7,"column":16},"end":{"line":7,"column":17}},"6":{"start":{"line":8,"column":4},"end":{"line":17,"column":5}},"7":{"start":{"line":9,"column":25},"end":{"line":9,"column":40}},"8":{"start":{"line":10,"column":33},"end":{"line":10,"column":84}},"9":{"start":{"line":11,"column":8},"end":{"line":15,"column":9}},"10":{"start":{"line":12,"column":12},"end":{"line":12,"column":42}},"11":{"start":{"line":14,"column":12},"end":{"line":14,"column":32}},"12":{"start":{"line":16,"column":8},"end":{"line":16,"column":16}},"13":{"start":{"line":18,"column":4},"end":{"line":18,"column":20}}},"fnMap":{"0":{"name":"(anonymous_0)","decl":{"start":{"line":3,"column":17},"end":{"line":3,"column":18}},"loc":{"start":{"line":3,"column":52},"end":{"line":19,"column":1}},"line":3}},"branchMap":{"0":{"loc":{"start":{"line":5,"column":21},"end":{"line":5,"column":80}},"type":"cond-expr","locations":[{"start":{"line":5,"column":48},"end":{"line":5,"column":57}},{"start":{"line":5,"column":60},"end":{"line":5,"column":80}}],"line":5},"1":{"loc":{"start":{"line":11,"column":8},"end":{"line":15,"column":9}},"type":"if","locations":[{"start":{"line":11,"column":8},"end":{"line":15,"column":9}},{"start":{"line":11,"column":8},"end":{"line":15,"column":9}}],"line":11},"2":{"loc":{"start":{"line":11,"column":12},"end":{"line":11,"column":77}},"type":"binary-expr","locations":[{"start":{"line":11,"column":12},"end":{"line":11,"column":28}},{"start":{"line":11,"column":33},"end":{"line":11,"column":50}},{"start":{"line":11,"column":56},"end":{"line":11,"column":76}}],"line":11}},"s":{"0":1,"1":1,"2":302,"3":302,"4":302,"5":302,"6":302,"7":1218,"8":1218,"9":1218,"10":1056,"11":162,"12":1056,"13":140},"f":{"0":302},"b":{"0":[302,0],"1":[1056,162],"2":[1218,1218,1218]},"_coverageSchema":"1a1c01bbd47fc00a2c39e90264f33305004495a9","hash":"62ff38c27cab970ad02832ab879a81c197406d1e","contentHash":"803af3bb785ae46d6278ad7b790e16b9d31bd137ad9729e845d41aec4053f6e5"},"/home/carlos/D/plantomium/src/utils/data-setter.js":{"path":"/home/carlos/D/plantomium/src/utils/data-setter.js","statementMap":{"0":{"start":{"line":1,"column":0},"end":{"line":24,"column":2}},"1":{"start":{"line":2,"column":21},"end":{"line":2,"column":80}},"2":{"start":{"line":3,"column":19},"end":{"line":3,"column":23}},"3":{"start":{"line":4,"column":16},"end":{"line":4,"column":17}},"4":{"start":{"line":5,"column":22},"end":{"line":5,"column":41}},"5":{"start":{"line":6,"column":4},"end":{"line":22,"column":5}},"6":{"start":{"line":7,"column":25},"end":{"line":7,"column":40}},"7":{"start":{"line":8,"column":8},"end":{"line":20,"column":9}},"8":{"start":{"line":9,"column":12},"end":{"line":9,"column":39}},"9":{"start":{"line":10,"column":15},"end":{"line":20,"column":9}},"10":{"start":{"line":11,"column":12},"end":{"line":13,"column":13}},"11":{"start":{"line":12,"column":16},"end":{"line":12,"column":40}},"12":{"start":{"line":14,"column":12},"end":{"line":14,"column":42}},"13":{"start":{"line":15,"column":15},"end":{"line":20,"column":9}},"14":{"start":{"line":16,"column":12},"end":{"line":16,"column":36}},"15":{"start":{"line":17,"column":12},"end":{"line":17,"column":42}},"16":{"start":{"line":19,"column":12},"end":{"line":19,"column":55}},"17":{"start":{"line":21,"column":8},"end":{"line":21,"column":16}},"18":{"start":{"line":23,"column":4},"end":{"line":23,"column":16}}},"fnMap":{"0":{"name":"(anonymous_0)","decl":{"start":{"line":1,"column":17},"end":{"line":1,"column":18}},"loc":{"start":{"line":1,"column":60},"end":{"line":24,"column":1}},"line":1}},"branchMap":{"0":{"loc":{"start":{"line":1,"column":42},"end":{"line":1,"column":55}},"type":"default-arg","locations":[{"start":{"line":1,"column":50},"end":{"line":1,"column":55}}],"line":1},"1":{"loc":{"start":{"line":2,"column":21},"end":{"line":2,"column":80}},"type":"cond-expr","locations":[{"start":{"line":2,"column":48},"end":{"line":2,"column":57}},{"start":{"line":2,"column":60},"end":{"line":2,"column":80}}],"line":2},"2":{"loc":{"start":{"line":8,"column":8},"end":{"line":20,"column":9}},"type":"if","locations":[{"start":{"line":8,"column":8},"end":{"line":20,"column":9}},{"start":{"line":8,"column":8},"end":{"line":20,"column":9}}],"line":8},"3":{"loc":{"start":{"line":10,"column":15},"end":{"line":20,"column":9}},"type":"if","locations":[{"start":{"line":10,"column":15},"end":{"line":20,"column":9}},{"start":{"line":10,"column":15},"end":{"line":20,"column":9}}],"line":10},"4":{"loc":{"start":{"line":11,"column":12},"end":{"line":13,"column":13}},"type":"if","locations":[{"start":{"line":11,"column":12},"end":{"line":13,"column":13}},{"start":{"line":11,"column":12},"end":{"line":13,"column":13}}],"line":11},"5":{"loc":{"start":{"line":15,"column":15},"end":{"line":20,"column":9}},"type":"if","locations":[{"start":{"line":15,"column":15},"end":{"line":20,"column":9}},{"start":{"line":15,"column":15},"end":{"line":20,"column":9}}],"line":15}},"s":{"0":1,"1":0,"2":0,"3":0,"4":0,"5":0,"6":0,"7":0,"8":0,"9":0,"10":0,"11":0,"12":0,"13":0,"14":0,"15":0,"16":0,"17":0,"18":0},"f":{"0":0},"b":{"0":[0],"1":[0,0],"2":[0,0],"3":[0,0],"4":[0,0],"5":[0,0]},"_coverageSchema":"1a1c01bbd47fc00a2c39e90264f33305004495a9","hash":"a007e47f1bfe69edc604d6d21b9bc08091dea54e","contentHash":"0b0747ee7abafc11b7b9f0ab75f2de46295bb8e02782d3873a275e4fe9211123"},"/home/carlos/D/plantomium/src/utils/debug-error.js":{"path":"/home/carlos/D/plantomium/src/utils/debug-error.js","statementMap":{"0":{"start":{"line":1,"column":15},"end":{"line":1,"column":32}},"1":{"start":{"line":20,"column":0},"end":{"line":37,"column":1}},"2":{"start":{"line":21,"column":13},"end":{"line":21,"column":62}},"3":{"start":{"line":22,"column":11},"end":{"line":22,"column":19}},"4":{"start":{"line":23,"column":1},"end":{"line":25,"column":2}},"5":{"start":{"line":24,"column":2},"end":{"line":24,"column":26}},"6":{"start":{"line":26,"column":9},"end":{"line":26,"column":24}},"7":{"start":{"line":27,"column":1},"end":{"line":30,"column":2}},"8":{"start":{"line":28,"column":2},"end":{"line":28,"column":13}},"9":{"start":{"line":29,"column":2},"end":{"line":29,"column":6}},"10":{"start":{"line":31,"column":1},"end":{"line":31,"column":12}},"11":{"start":{"line":32,"column":1},"end":{"line":32,"column":30}},"12":{"start":{"line":33,"column":1},"end":{"line":35,"column":2}},"13":{"start":{"line":34,"column":2},"end":{"line":34,"column":27}},"14":{"start":{"line":36,"column":1},"end":{"line":36,"column":37}}},"fnMap":{"0":{"name":"(anonymous_0)","decl":{"start":{"line":20,"column":17},"end":{"line":20,"column":18}},"loc":{"start":{"line":20,"column":44},"end":{"line":37,"column":1}},"line":20}},"branchMap":{"0":{"loc":{"start":{"line":23,"column":1},"end":{"line":25,"column":2}},"type":"if","locations":[{"start":{"line":23,"column":1},"end":{"line":25,"column":2}},{"start":{"line":23,"column":1},"end":{"line":25,"column":2}}],"line":23},"1":{"loc":{"start":{"line":23,"column":4},"end":{"line":23,"column":43}},"type":"binary-expr","locations":[{"start":{"line":23,"column":4},"end":{"line":23,"column":29}},{"start":{"line":23,"column":33},"end":{"line":23,"column":43}}],"line":23},"2":{"loc":{"start":{"line":33,"column":1},"end":{"line":35,"column":2}},"type":"if","locations":[{"start":{"line":33,"column":1},"end":{"line":35,"column":2}},{"start":{"line":33,"column":1},"end":{"line":35,"column":2}}],"line":33}},"s":{"0":1,"1":1,"2":1,"3":1,"4":1,"5":0,"6":1,"7":1,"8":0,"9":0,"10":1,"11":1,"12":1,"13":1,"14":1},"f":{"0":1},"b":{"0":[0,1],"1":[1,0],"2":[1,0]},"_coverageSchema":"1a1c01bbd47fc00a2c39e90264f33305004495a9","hash":"62a6cdcf80b83c117b07c6cdb24753443e97a823","contentHash":"04b4e918d28eb2b04bf6b0d67c063037aeea0947fa8e94cf47cd44d83d9d35b6"},"/home/carlos/D/plantomium/src/utils/debug.js":{"path":"/home/carlos/D/plantomium/src/utils/debug.js","statementMap":{"0":{"start":{"line":18,"column":0},"end":{"line":24,"column":1}},"1":{"start":{"line":19,"column":1},"end":{"line":23,"column":3}},"2":{"start":{"line":20,"column":2},"end":{"line":22,"column":3}},"3":{"start":{"line":21,"column":3},"end":{"line":21,"column":34}}},"fnMap":{"0":{"name":"(anonymous_0)","decl":{"start":{"line":18,"column":17},"end":{"line":18,"column":18}},"loc":{"start":{"line":18,"column":31},"end":{"line":24,"column":1}},"line":18},"1":{"name":"(anonymous_1)","decl":{"start":{"line":19,"column":8},"end":{"line":19,"column":9}},"loc":{"start":{"line":19,"column":26},"end":{"line":23,"column":2}},"line":19}},"branchMap":{"0":{"loc":{"start":{"line":20,"column":2},"end":{"line":22,"column":3}},"type":"if","locations":[{"start":{"line":20,"column":2},"end":{"line":22,"column":3}},{"start":{"line":20,"column":2},"end":{"line":22,"column":3}}],"line":20}},"s":{"0":1,"1":0,"2":0,"3":0},"f":{"0":0,"1":0},"b":{"0":[0,0]},"_coverageSchema":"1a1c01bbd47fc00a2c39e90264f33305004495a9","hash":"35fedc1f463f8e7d0266ae2b136ccbe7cf0d4d1a","contentHash":"82d86c0063644eb43d8cf62465e26d221b902ad751468bc1ead4acd4efd5683a"},"/home/carlos/D/plantomium/src/utils/enabled-operations.js":{"path":"/home/carlos/D/plantomium/src/utils/enabled-operations.js","statementMap":{"0":{"start":{"line":1,"column":0},"end":{"line":1,"column":86}}},"fnMap":{},"branchMap":{},"s":{"0":1},"f":{},"b":{},"_coverageSchema":"1a1c01bbd47fc00a2c39e90264f33305004495a9","hash":"b10db1c8b07f9c7a1b67144b34d0b87151755507","contentHash":"f70cc2fcdac634c010c526c5e98a9f84890804d6af5c3649a452470e2850bed3"},"/home/carlos/D/plantomium/src/utils/encrypt-password.js":{"path":"/home/carlos/D/plantomium/src/utils/encrypt-password.js","statementMap":{"0":{"start":{"line":1,"column":15},"end":{"line":1,"column":32}},"1":{"start":{"line":20,"column":0},"end":{"line":32,"column":1}},"2":{"start":{"line":21,"column":1},"end":{"line":31,"column":4}},"3":{"start":{"line":22,"column":2},"end":{"line":24,"column":3}},"4":{"start":{"line":23,"column":3},"end":{"line":23,"column":76}},"5":{"start":{"line":25,"column":2},"end":{"line":30,"column":5}},"6":{"start":{"line":26,"column":3},"end":{"line":28,"column":4}},"7":{"start":{"line":27,"column":4},"end":{"line":27,"column":23}},"8":{"start":{"line":29,"column":3},"end":{"line":29,"column":19}}},"fnMap":{"0":{"name":"(anonymous_0)","decl":{"start":{"line":20,"column":17},"end":{"line":20,"column":18}},"loc":{"start":{"line":20,"column":53},"end":{"line":32,"column":1}},"line":20},"1":{"name":"(anonymous_1)","decl":{"start":{"line":21,"column":20},"end":{"line":21,"column":21}},"loc":{"start":{"line":21,"column":39},"end":{"line":31,"column":2}},"line":21},"2":{"name":"(anonymous_2)","decl":{"start":{"line":25,"column":36},"end":{"line":25,"column":37}},"loc":{"start":{"line":25,"column":58},"end":{"line":30,"column":3}},"line":25}},"branchMap":{"0":{"loc":{"start":{"line":20,"column":36},"end":{"line":20,"column":51}},"type":"default-arg","locations":[{"start":{"line":20,"column":49},"end":{"line":20,"column":51}}],"line":20},"1":{"loc":{"start":{"line":22,"column":2},"end":{"line":24,"column":3}},"type":"if","locations":[{"start":{"line":22,"column":2},"end":{"line":24,"column":3}},{"start":{"line":22,"column":2},"end":{"line":24,"column":3}}],"line":22},"2":{"loc":{"start":{"line":26,"column":3},"end":{"line":28,"column":4}},"type":"if","locations":[{"start":{"line":26,"column":3},"end":{"line":28,"column":4}},{"start":{"line":26,"column":3},"end":{"line":28,"column":4}}],"line":26}},"s":{"0":1,"1":1,"2":2,"3":2,"4":0,"5":2,"6":2,"7":0,"8":2},"f":{"0":2,"1":2,"2":2},"b":{"0":[2],"1":[0,2],"2":[0,2]},"_coverageSchema":"1a1c01bbd47fc00a2c39e90264f33305004495a9","hash":"9c76c74a3aa86bd69760301342994f51888c2722","contentHash":"7a8238608b493ad15127d9ce1ddfb947cf2457a302d4ea754e160b062a0607a5"},"/home/carlos/D/plantomium/src/utils/erroneous-json-response.js":{"path":"/home/carlos/D/plantomium/src/utils/erroneous-json-response.js","statementMap":{"0":{"start":{"line":18,"column":0},"end":{"line":36,"column":1}},"1":{"start":{"line":19,"column":13},"end":{"line":19,"column":62}},"2":{"start":{"line":20,"column":14},"end":{"line":20,"column":24}},"3":{"start":{"line":21,"column":13},"end":{"line":21,"column":26}},"4":{"start":{"line":22,"column":14},"end":{"line":22,"column":63}},"5":{"start":{"line":23,"column":1},"end":{"line":34,"column":4}},"6":{"start":{"line":35,"column":1},"end":{"line":35,"column":49}}},"fnMap":{"0":{"name":"(anonymous_0)","decl":{"start":{"line":18,"column":17},"end":{"line":18,"column":18}},"loc":{"start":{"line":18,"column":58},"end":{"line":36,"column":1}},"line":18}},"branchMap":{"0":{"loc":{"start":{"line":22,"column":14},"end":{"line":22,"column":63}},"type":"cond-expr","locations":[{"start":{"line":22,"column":47},"end":{"line":22,"column":57}},{"start":{"line":22,"column":60},"end":{"line":22,"column":63}}],"line":22},"1":{"loc":{"start":{"line":27,"column":11},"end":{"line":27,"column":34}},"type":"binary-expr","locations":[{"start":{"line":27,"column":11},"end":{"line":27,"column":23}},{"start":{"line":27,"column":27},"end":{"line":27,"column":34}}],"line":27},"2":{"loc":{"start":{"line":31,"column":9},"end":{"line":31,"column":32}},"type":"binary-expr","locations":[{"start":{"line":31,"column":9},"end":{"line":31,"column":19}},{"start":{"line":31,"column":23},"end":{"line":31,"column":32}}],"line":31},"3":{"loc":{"start":{"line":32,"column":12},"end":{"line":32,"column":33}},"type":"binary-expr","locations":[{"start":{"line":32,"column":12},"end":{"line":32,"column":25}},{"start":{"line":32,"column":29},"end":{"line":32,"column":33}}],"line":32}},"s":{"0":1,"1":1,"2":1,"3":1,"4":1,"5":1,"6":1},"f":{"0":1},"b":{"0":[0,1],"1":[1,1],"2":[1,0],"3":[1,0]},"_coverageSchema":"1a1c01bbd47fc00a2c39e90264f33305004495a9","hash":"d5c7b5b8f4ab306e14216797fb2453478cc8d01b","contentHash":"96155c134047804cab955671d1dc175b6c1d0d6acc34bb11cde57539b5fca662"},"/home/carlos/D/plantomium/src/utils/format-bearer-token.js":{"path":"/home/carlos/D/plantomium/src/utils/format-bearer-token.js","statementMap":{"0":{"start":{"line":18,"column":0},"end":{"line":23,"column":1}},"1":{"start":{"line":19,"column":1},"end":{"line":21,"column":2}},"2":{"start":{"line":20,"column":2},"end":{"line":20,"column":44}},"3":{"start":{"line":22,"column":1},"end":{"line":22,"column":21}}},"fnMap":{"0":{"name":"(anonymous_0)","decl":{"start":{"line":18,"column":17},"end":{"line":18,"column":18}},"loc":{"start":{"line":18,"column":54},"end":{"line":23,"column":1}},"line":18}},"branchMap":{"0":{"loc":{"start":{"line":18,"column":33},"end":{"line":18,"column":52}},"type":"default-arg","locations":[{"start":{"line":18,"column":48},"end":{"line":18,"column":52}}],"line":18},"1":{"loc":{"start":{"line":19,"column":1},"end":{"line":21,"column":2}},"type":"if","locations":[{"start":{"line":19,"column":1},"end":{"line":21,"column":2}},{"start":{"line":19,"column":1},"end":{"line":21,"column":2}}],"line":19}},"s":{"0":1,"1":7,"2":6,"3":1},"f":{"0":7},"b":{"0":[4],"1":[6,1]},"_coverageSchema":"1a1c01bbd47fc00a2c39e90264f33305004495a9","hash":"f22d026f57076b2203b228dcbb6639d100ebd389","contentHash":"f84fba9924d45ee3fbd7c9b60e5aee748024d2ca9a97937137da46bc2e63b1bb"},"/home/carlos/D/plantomium/src/utils/generate-token.js":{"path":"/home/carlos/D/plantomium/src/utils/generate-token.js","statementMap":{"0":{"start":{"line":1,"column":17},"end":{"line":1,"column":93}},"1":{"start":{"line":20,"column":0},"end":{"line":27,"column":1}},"2":{"start":{"line":21,"column":11},"end":{"line":21,"column":13}},"3":{"start":{"line":22,"column":1},"end":{"line":25,"column":2}},"4":{"start":{"line":22,"column":15},"end":{"line":22,"column":16}},"5":{"start":{"line":23,"column":13},"end":{"line":23,"column":66}},"6":{"start":{"line":24,"column":2},"end":{"line":24,"column":12}},"7":{"start":{"line":26,"column":1},"end":{"line":26,"column":12}}},"fnMap":{"0":{"name":"(anonymous_0)","decl":{"start":{"line":20,"column":17},"end":{"line":20,"column":18}},"loc":{"start":{"line":20,"column":61},"end":{"line":27,"column":1}},"line":20}},"branchMap":{"0":{"loc":{"start":{"line":20,"column":26},"end":{"line":20,"column":38}},"type":"default-arg","locations":[{"start":{"line":20,"column":35},"end":{"line":20,"column":38}}],"line":20},"1":{"loc":{"start":{"line":20,"column":40},"end":{"line":20,"column":59}},"type":"default-arg","locations":[{"start":{"line":20,"column":51},"end":{"line":20,"column":59}}],"line":20}},"s":{"0":1,"1":1,"2":8,"3":8,"4":8,"5":1600,"6":1600,"7":8},"f":{"0":8},"b":{"0":[0],"1":[8]},"_coverageSchema":"1a1c01bbd47fc00a2c39e90264f33305004495a9","hash":"87dc174e9db0dad444fa2082839975bcb6dd7d02","contentHash":"a7e12d604fe63b36f1124eef76d9ab3c4a9c213589b38d27904fbbdd1b31dab8"},"/home/carlos/D/plantomium/src/utils/generate-virtual-schema.js":{"path":"/home/carlos/D/plantomium/src/utils/generate-virtual-schema.js","statementMap":{"0":{"start":{"line":1,"column":20},"end":{"line":1,"column":43}},"1":{"start":{"line":20,"column":0},"end":{"line":142,"column":1}},"2":{"start":{"line":22,"column":25},"end":{"line":33,"column":2}},"3":{"start":{"line":23,"column":23},"end":{"line":23,"column":62}},"4":{"start":{"line":24,"column":24},"end":{"line":24,"column":56}},"5":{"start":{"line":25,"column":2},"end":{"line":31,"column":3}},"6":{"start":{"line":25,"column":19},"end":{"line":25,"column":20}},"7":{"start":{"line":26,"column":16},"end":{"line":26,"column":36}},"8":{"start":{"line":27,"column":16},"end":{"line":27,"column":41}},"9":{"start":{"line":28,"column":3},"end":{"line":30,"column":4}},"10":{"start":{"line":29,"column":4},"end":{"line":29,"column":28}},"11":{"start":{"line":32,"column":2},"end":{"line":32,"column":22}},"12":{"start":{"line":35,"column":26},"end":{"line":68,"column":2}},"13":{"start":{"line":36,"column":24},"end":{"line":46,"column":4}},"14":{"start":{"line":37,"column":3},"end":{"line":45,"column":4}},"15":{"start":{"line":38,"column":4},"end":{"line":38,"column":38}},"16":{"start":{"line":39,"column":10},"end":{"line":45,"column":4}},"17":{"start":{"line":40,"column":4},"end":{"line":40,"column":28}},"18":{"start":{"line":41,"column":10},"end":{"line":45,"column":4}},"19":{"start":{"line":42,"column":4},"end":{"line":42,"column":61}},"20":{"start":{"line":44,"column":4},"end":{"line":44,"column":113}},"21":{"start":{"line":47,"column":24},"end":{"line":47,"column":56}},"22":{"start":{"line":48,"column":2},"end":{"line":66,"column":4}},"23":{"start":{"line":49,"column":3},"end":{"line":66,"column":4}},"24":{"start":{"line":49,"column":20},"end":{"line":49,"column":21}},"25":{"start":{"line":50,"column":22},"end":{"line":50,"column":42}},"26":{"start":{"line":51,"column":4},"end":{"line":53,"column":5}},"27":{"start":{"line":52,"column":5},"end":{"line":52,"column":35}},"28":{"start":{"line":54,"column":18},"end":{"line":54,"column":44}},"29":{"start":{"line":55,"column":24},"end":{"line":55,"column":42}},"30":{"start":{"line":56,"column":4},"end":{"line":65,"column":5}},"31":{"start":{"line":56,"column":21},"end":{"line":56,"column":22}},"32":{"start":{"line":57,"column":24},"end":{"line":57,"column":42}},"33":{"start":{"line":58,"column":20},"end":{"line":58,"column":37}},"34":{"start":{"line":59,"column":5},"end":{"line":64,"column":6}},"35":{"start":{"line":60,"column":6},"end":{"line":63,"column":9}},"36":{"start":{"line":67,"column":2},"end":{"line":67,"column":23}},"37":{"start":{"line":70,"column":21},"end":{"line":75,"column":2}},"38":{"start":{"line":71,"column":2},"end":{"line":74,"column":3}},"39":{"start":{"line":72,"column":3},"end":{"line":72,"column":41}},"40":{"start":{"line":73,"column":3},"end":{"line":73,"column":37}},"41":{"start":{"line":77,"column":22},"end":{"line":112,"column":2}},"42":{"start":{"line":78,"column":13},"end":{"line":78,"column":41}},"43":{"start":{"line":79,"column":2},"end":{"line":79,"column":38}},"44":{"start":{"line":79,"column":31},"end":{"line":79,"column":38}},"45":{"start":{"line":80,"column":2},"end":{"line":80,"column":16}},"46":{"start":{"line":82,"column":2},"end":{"line":109,"column":5}},"47":{"start":{"line":84,"column":3},"end":{"line":93,"column":6}},"48":{"start":{"line":86,"column":4},"end":{"line":88,"column":7}},"49":{"start":{"line":87,"column":5},"end":{"line":87,"column":72}},"50":{"start":{"line":90,"column":4},"end":{"line":92,"column":7}},"51":{"start":{"line":91,"column":5},"end":{"line":91,"column":72}},"52":{"start":{"line":95,"column":3},"end":{"line":104,"column":4}},"53":{"start":{"line":97,"column":4},"end":{"line":99,"column":7}},"54":{"start":{"line":98,"column":5},"end":{"line":98,"column":30}},"55":{"start":{"line":101,"column":4},"end":{"line":103,"column":7}},"56":{"start":{"line":102,"column":5},"end":{"line":102,"column":34}},"57":{"start":{"line":106,"column":3},"end":{"line":108,"column":6}},"58":{"start":{"line":107,"column":4},"end":{"line":107,"column":153}},"59":{"start":{"line":111,"column":2},"end":{"line":111,"column":48}},"60":{"start":{"line":114,"column":27},"end":{"line":120,"column":2}},"61":{"start":{"line":115,"column":2},"end":{"line":119,"column":5}},"62":{"start":{"line":116,"column":3},"end":{"line":118,"column":6}},"63":{"start":{"line":117,"column":4},"end":{"line":117,"column":57}},"64":{"start":{"line":122,"column":21},"end":{"line":122,"column":64}},"65":{"start":{"line":124,"column":1},"end":{"line":124,"column":34}},"66":{"start":{"line":125,"column":1},"end":{"line":125,"column":54}},"67":{"start":{"line":126,"column":1},"end":{"line":126,"column":62}},"68":{"start":{"line":127,"column":1},"end":{"line":127,"column":28}},"69":{"start":{"line":129,"column":22},"end":{"line":129,"column":46}},"70":{"start":{"line":131,"column":23},"end":{"line":131,"column":62}},"71":{"start":{"line":132,"column":1},"end":{"line":134,"column":4}},"72":{"start":{"line":133,"column":2},"end":{"line":133,"column":30}},"73":{"start":{"line":135,"column":1},"end":{"line":137,"column":4}},"74":{"start":{"line":136,"column":2},"end":{"line":136,"column":39}},"75":{"start":{"line":139,"column":1},"end":{"line":139,"column":29}},"76":{"start":{"line":141,"column":1},"end":{"line":141,"column":16}}},"fnMap":{"0":{"name":"(anonymous_0)","decl":{"start":{"line":20,"column":17},"end":{"line":20,"column":18}},"loc":{"start":{"line":20,"column":31},"end":{"line":142,"column":1}},"line":20},"1":{"name":"(anonymous_1)","decl":{"start":{"line":22,"column":25},"end":{"line":22,"column":26}},"loc":{"start":{"line":22,"column":43},"end":{"line":33,"column":2}},"line":22},"2":{"name":"(anonymous_2)","decl":{"start":{"line":35,"column":26},"end":{"line":35,"column":27}},"loc":{"start":{"line":35,"column":63},"end":{"line":68,"column":2}},"line":35},"3":{"name":"(anonymous_3)","decl":{"start":{"line":36,"column":58},"end":{"line":36,"column":59}},"loc":{"start":{"line":36,"column":78},"end":{"line":46,"column":3}},"line":36},"4":{"name":"(anonymous_4)","decl":{"start":{"line":70,"column":21},"end":{"line":70,"column":22}},"loc":{"start":{"line":70,"column":50},"end":{"line":75,"column":2}},"line":70},"5":{"name":"(anonymous_5)","decl":{"start":{"line":77,"column":22},"end":{"line":77,"column":23}},"loc":{"start":{"line":77,"column":74},"end":{"line":112,"column":2}},"line":77},"6":{"name":"(anonymous_6)","decl":{"start":{"line":82,"column":39},"end":{"line":82,"column":40}},"loc":{"start":{"line":82,"column":53},"end":{"line":109,"column":3}},"line":82},"7":{"name":"(anonymous_7)","decl":{"start":{"line":84,"column":52},"end":{"line":84,"column":53}},"loc":{"start":{"line":84,"column":67},"end":{"line":93,"column":4}},"line":84},"8":{"name":"(anonymous_8)","decl":{"start":{"line":86,"column":121},"end":{"line":86,"column":122}},"loc":{"start":{"line":86,"column":128},"end":{"line":88,"column":5}},"line":86},"9":{"name":"(anonymous_9)","decl":{"start":{"line":90,"column":121},"end":{"line":90,"column":122}},"loc":{"start":{"line":90,"column":128},"end":{"line":92,"column":5}},"line":90},"10":{"name":"(anonymous_10)","decl":{"start":{"line":97,"column":101},"end":{"line":97,"column":102}},"loc":{"start":{"line":97,"column":107},"end":{"line":99,"column":5}},"line":97},"11":{"name":"(anonymous_11)","decl":{"start":{"line":101,"column":99},"end":{"line":101,"column":100}},"loc":{"start":{"line":101,"column":109},"end":{"line":103,"column":5}},"line":101},"12":{"name":"(anonymous_12)","decl":{"start":{"line":106,"column":100},"end":{"line":106,"column":101}},"loc":{"start":{"line":106,"column":106},"end":{"line":108,"column":4}},"line":106},"13":{"name":"(anonymous_13)","decl":{"start":{"line":114,"column":27},"end":{"line":114,"column":28}},"loc":{"start":{"line":114,"column":45},"end":{"line":120,"column":2}},"line":114},"14":{"name":"(anonymous_14)","decl":{"start":{"line":115,"column":39},"end":{"line":115,"column":40}},"loc":{"start":{"line":115,"column":52},"end":{"line":119,"column":3}},"line":115},"15":{"name":"(anonymous_15)","decl":{"start":{"line":116,"column":57},"end":{"line":116,"column":58}},"loc":{"start":{"line":116,"column":71},"end":{"line":118,"column":4}},"line":116},"16":{"name":"(anonymous_16)","decl":{"start":{"line":132,"column":22},"end":{"line":132,"column":23}},"loc":{"start":{"line":132,"column":31},"end":{"line":134,"column":2}},"line":132},"17":{"name":"(anonymous_17)","decl":{"start":{"line":135,"column":23},"end":{"line":135,"column":24}},"loc":{"start":{"line":135,"column":44},"end":{"line":137,"column":2}},"line":135}},"branchMap":{"0":{"loc":{"start":{"line":28,"column":3},"end":{"line":30,"column":4}},"type":"if","locations":[{"start":{"line":28,"column":3},"end":{"line":30,"column":4}},{"start":{"line":28,"column":3},"end":{"line":30,"column":4}}],"line":28},"1":{"loc":{"start":{"line":28,"column":7},"end":{"line":28,"column":59}},"type":"binary-expr","locations":[{"start":{"line":28,"column":7},"end":{"line":28,"column":20}},{"start":{"line":28,"column":25},"end":{"line":28,"column":58}}],"line":28},"2":{"loc":{"start":{"line":35,"column":44},"end":{"line":35,"column":61}},"type":"default-arg","locations":[{"start":{"line":35,"column":59},"end":{"line":35,"column":61}}],"line":35},"3":{"loc":{"start":{"line":37,"column":3},"end":{"line":45,"column":4}},"type":"if","locations":[{"start":{"line":37,"column":3},"end":{"line":45,"column":4}},{"start":{"line":37,"column":3},"end":{"line":45,"column":4}}],"line":37},"4":{"loc":{"start":{"line":39,"column":10},"end":{"line":45,"column":4}},"type":"if","locations":[{"start":{"line":39,"column":10},"end":{"line":45,"column":4}},{"start":{"line":39,"column":10},"end":{"line":45,"column":4}}],"line":39},"5":{"loc":{"start":{"line":41,"column":10},"end":{"line":45,"column":4}},"type":"if","locations":[{"start":{"line":41,"column":10},"end":{"line":45,"column":4}},{"start":{"line":41,"column":10},"end":{"line":45,"column":4}}],"line":41},"6":{"loc":{"start":{"line":51,"column":4},"end":{"line":53,"column":5}},"type":"if","locations":[{"start":{"line":51,"column":4},"end":{"line":53,"column":5}},{"start":{"line":51,"column":4},"end":{"line":53,"column":5}}],"line":51},"7":{"loc":{"start":{"line":59,"column":5},"end":{"line":64,"column":6}},"type":"if","locations":[{"start":{"line":59,"column":5},"end":{"line":64,"column":6}},{"start":{"line":59,"column":5},"end":{"line":64,"column":6}}],"line":59},"8":{"loc":{"start":{"line":71,"column":2},"end":{"line":74,"column":3}},"type":"if","locations":[{"start":{"line":71,"column":2},"end":{"line":74,"column":3}},{"start":{"line":71,"column":2},"end":{"line":74,"column":3}}],"line":71},"9":{"loc":{"start":{"line":77,"column":63},"end":{"line":77,"column":72}},"type":"default-arg","locations":[{"start":{"line":77,"column":70},"end":{"line":77,"column":72}}],"line":77},"10":{"loc":{"start":{"line":79,"column":2},"end":{"line":79,"column":38}},"type":"if","locations":[{"start":{"line":79,"column":2},"end":{"line":79,"column":38}},{"start":{"line":79,"column":2},"end":{"line":79,"column":38}}],"line":79},"11":{"loc":{"start":{"line":87,"column":14},"end":{"line":87,"column":70}},"type":"binary-expr","locations":[{"start":{"line":87,"column":15},"end":{"line":87,"column":38}},{"start":{"line":87,"column":44},"end":{"line":87,"column":69}}],"line":87},"12":{"loc":{"start":{"line":91,"column":14},"end":{"line":91,"column":70}},"type":"binary-expr","locations":[{"start":{"line":91,"column":15},"end":{"line":91,"column":38}},{"start":{"line":91,"column":44},"end":{"line":91,"column":69}}],"line":91},"13":{"loc":{"start":{"line":95,"column":3},"end":{"line":104,"column":4}},"type":"if","locations":[{"start":{"line":95,"column":3},"end":{"line":104,"column":4}},{"start":{"line":95,"column":3},"end":{"line":104,"column":4}}],"line":95},"14":{"loc":{"start":{"line":107,"column":13},"end":{"line":107,"column":151}},"type":"binary-expr","locations":[{"start":{"line":107,"column":15},"end":{"line":107,"column":39}},{"start":{"line":107,"column":45},"end":{"line":107,"column":69}},{"start":{"line":107,"column":77},"end":{"line":107,"column":109}},{"start":{"line":107,"column":115},"end":{"line":107,"column":149}}],"line":107},"15":{"loc":{"start":{"line":116,"column":15},"end":{"line":116,"column":47}},"type":"binary-expr","locations":[{"start":{"line":116,"column":15},"end":{"line":116,"column":41}},{"start":{"line":116,"column":45},"end":{"line":116,"column":47}}],"line":116}},"s":{"0":1,"1":1,"2":1,"3":1,"4":1,"5":1,"6":1,"7":28,"8":28,"9":28,"10":0,"11":1,"12":1,"13":1,"14":5,"15":5,"16":0,"17":0,"18":0,"19":0,"20":0,"21":1,"22":1,"23":1,"24":1,"25":28,"26":28,"27":1,"28":27,"29":27,"30":27,"31":27,"32":116,"33":116,"34":116,"35":0,"36":1,"37":1,"38":1,"39":1,"40":1,"41":1,"42":5,"43":5,"44":0,"45":5,"46":5,"47":135,"48":570,"49":130,"50":570,"51":130,"52":135,"53":5,"54":5,"55":5,"56":30,"57":135,"58":130,"59":5,"60":1,"61":1,"62":28,"63":122,"64":1,"65":1,"66":1,"67":1,"68":1,"69":1,"70":1,"71":1,"72":1,"73":1,"74":5,"75":1,"76":1},"f":{"0":1,"1":1,"2":1,"3":5,"4":1,"5":5,"6":135,"7":570,"8":130,"9":130,"10":5,"11":30,"12":130,"13":1,"14":28,"15":122,"16":1,"17":5},"b":{"0":[0,28],"1":[28,0],"2":[0],"3":[5,0],"4":[0,0],"5":[0,0],"6":[1,27],"7":[0,116],"8":[1,0],"9":[5],"10":[0,5],"11":[130,24],"12":[130,1],"13":[5,130],"14":[130,1,130,24],"15":[28,0]},"_coverageSchema":"1a1c01bbd47fc00a2c39e90264f33305004495a9","hash":"7af11a4cc8f10dfd9b07e4bada7b738b5181e782","contentHash":"ae95d0fd6c27acfac92857e3e537df42dbe08512fb9db8d133722bd65a4073c1"},"/home/carlos/D/plantomium/src/utils/get-schema-foreign-keys.js":{"path":"/home/carlos/D/plantomium/src/utils/get-schema-foreign-keys.js","statementMap":{"0":{"start":{"line":18,"column":0},"end":{"line":20,"column":2}},"1":{"start":{"line":19,"column":1},"end":{"line":19,"column":153}},"2":{"start":{"line":19,"column":67},"end":{"line":19,"column":148}},"3":{"start":{"line":19,"column":131},"end":{"line":19,"column":145}}},"fnMap":{"0":{"name":"(anonymous_0)","decl":{"start":{"line":18,"column":17},"end":{"line":18,"column":18}},"loc":{"start":{"line":18,"column":35},"end":{"line":20,"column":1}},"line":18},"1":{"name":"(anonymous_1)","decl":{"start":{"line":19,"column":48},"end":{"line":19,"column":49}},"loc":{"start":{"line":19,"column":67},"end":{"line":19,"column":148}},"line":19},"2":{"name":"(anonymous_2)","decl":{"start":{"line":19,"column":124},"end":{"line":19,"column":125}},"loc":{"start":{"line":19,"column":131},"end":{"line":19,"column":145}},"line":19}},"branchMap":{},"s":{"0":1,"1":0,"2":0,"3":0},"f":{"0":0,"1":0,"2":0},"b":{},"_coverageSchema":"1a1c01bbd47fc00a2c39e90264f33305004495a9","hash":"dcd0526059345ebba40b5909dabbe53ae0380f6d","contentHash":"235206eabd9908b6d1145338d58ceb364f8c83bc95855b118de1782475cdf3c2"},"/home/carlos/D/plantomium/src/utils/get-schema-joined-tables.js":{"path":"/home/carlos/D/plantomium/src/utils/get-schema-joined-tables.js","statementMap":{"0":{"start":{"line":18,"column":0},"end":{"line":41,"column":1}},"1":{"start":{"line":19,"column":13},"end":{"line":19,"column":62}},"2":{"start":{"line":20,"column":22},"end":{"line":20,"column":51}},"3":{"start":{"line":21,"column":19},"end":{"line":21,"column":125}},"4":{"start":{"line":22,"column":23},"end":{"line":22,"column":49}},"5":{"start":{"line":23,"column":20},"end":{"line":23,"column":63}},"6":{"start":{"line":24,"column":15},"end":{"line":24,"column":17}},"7":{"start":{"line":25,"column":1},"end":{"line":39,"column":2}},"8":{"start":{"line":25,"column":20},"end":{"line":25,"column":21}},"9":{"start":{"line":26,"column":19},"end":{"line":26,"column":41}},"10":{"start":{"line":27,"column":2},"end":{"line":29,"column":3}},"11":{"start":{"line":28,"column":3},"end":{"line":28,"column":89}},"12":{"start":{"line":30,"column":2},"end":{"line":32,"column":3}},"13":{"start":{"line":31,"column":3},"end":{"line":31,"column":100}},"14":{"start":{"line":33,"column":18},"end":{"line":33,"column":26}},"15":{"start":{"line":34,"column":2},"end":{"line":38,"column":3}},"16":{"start":{"line":35,"column":3},"end":{"line":35,"column":31}},"17":{"start":{"line":37,"column":3},"end":{"line":37,"column":29}},"18":{"start":{"line":40,"column":1},"end":{"line":40,"column":14}}},"fnMap":{"0":{"name":"(anonymous_0)","decl":{"start":{"line":18,"column":17},"end":{"line":18,"column":18}},"loc":{"start":{"line":18,"column":54},"end":{"line":41,"column":1}},"line":18}},"branchMap":{"0":{"loc":{"start":{"line":18,"column":37},"end":{"line":18,"column":52}},"type":"default-arg","locations":[{"start":{"line":18,"column":50},"end":{"line":18,"column":52}}],"line":18},"1":{"loc":{"start":{"line":21,"column":19},"end":{"line":21,"column":125}},"type":"cond-expr","locations":[{"start":{"line":21,"column":34},"end":{"line":21,"column":120}},{"start":{"line":21,"column":123},"end":{"line":21,"column":125}}],"line":21},"2":{"loc":{"start":{"line":22,"column":23},"end":{"line":22,"column":49}},"type":"cond-expr","locations":[{"start":{"line":22,"column":35},"end":{"line":22,"column":44}},{"start":{"line":22,"column":47},"end":{"line":22,"column":49}}],"line":22},"3":{"loc":{"start":{"line":27,"column":2},"end":{"line":29,"column":3}},"type":"if","locations":[{"start":{"line":27,"column":2},"end":{"line":29,"column":3}},{"start":{"line":27,"column":2},"end":{"line":29,"column":3}}],"line":27},"4":{"loc":{"start":{"line":30,"column":2},"end":{"line":32,"column":3}},"type":"if","locations":[{"start":{"line":30,"column":2},"end":{"line":32,"column":3}},{"start":{"line":30,"column":2},"end":{"line":32,"column":3}}],"line":30},"5":{"loc":{"start":{"line":34,"column":2},"end":{"line":38,"column":3}},"type":"if","locations":[{"start":{"line":34,"column":2},"end":{"line":38,"column":3}},{"start":{"line":34,"column":2},"end":{"line":38,"column":3}}],"line":34}},"s":{"0":1,"1":68,"2":68,"3":68,"4":68,"5":68,"6":68,"7":68,"8":68,"9":18,"10":18,"11":0,"12":18,"13":0,"14":18,"15":18,"16":0,"17":18,"18":68},"f":{"0":68},"b":{"0":[14],"1":[68,0],"2":[9,59],"3":[0,18],"4":[0,18],"5":[0,18]},"_coverageSchema":"1a1c01bbd47fc00a2c39e90264f33305004495a9","hash":"a82e2d60991906db17e74cef2d3f908d150122a1","contentHash":"452e827a073968d4f102a87b729ec6d5565795bc2e084d90b708659b547f166a"},"/home/carlos/D/plantomium/src/utils/get-schema-main-tables.js":{"path":"/home/carlos/D/plantomium/src/utils/get-schema-main-tables.js","statementMap":{"0":{"start":{"line":1,"column":0},"end":{"line":13,"column":1}},"1":{"start":{"line":2,"column":13},"end":{"line":2,"column":62}},"2":{"start":{"line":3,"column":21},"end":{"line":3,"column":87}},"3":{"start":{"line":4,"column":22},"end":{"line":10,"column":7}},"4":{"start":{"line":5,"column":17},"end":{"line":5,"column":131}},"5":{"start":{"line":6,"column":2},"end":{"line":8,"column":3}},"6":{"start":{"line":7,"column":3},"end":{"line":7,"column":23}},"7":{"start":{"line":9,"column":2},"end":{"line":9,"column":13}},"8":{"start":{"line":11,"column":20},"end":{"line":11,"column":63}},"9":{"start":{"line":12,"column":1},"end":{"line":12,"column":19}}},"fnMap":{"0":{"name":"(anonymous_0)","decl":{"start":{"line":1,"column":17},"end":{"line":1,"column":18}},"loc":{"start":{"line":1,"column":28},"end":{"line":13,"column":1}},"line":1},"1":{"name":"(anonymous_1)","decl":{"start":{"line":4,"column":65},"end":{"line":4,"column":66}},"loc":{"start":{"line":4,"column":85},"end":{"line":10,"column":2}},"line":4}},"branchMap":{"0":{"loc":{"start":{"line":6,"column":2},"end":{"line":8,"column":3}},"type":"if","locations":[{"start":{"line":6,"column":2},"end":{"line":8,"column":3}},{"start":{"line":6,"column":2},"end":{"line":8,"column":3}}],"line":6}},"s":{"0":1,"1":0,"2":0,"3":0,"4":0,"5":0,"6":0,"7":0,"8":0,"9":0},"f":{"0":0,"1":0},"b":{"0":[0,0]},"_coverageSchema":"1a1c01bbd47fc00a2c39e90264f33305004495a9","hash":"9c81d625b68233a12a7fb110c1bd1b2250cb482e","contentHash":"400693bd25d80f2184f85b39d577418e6645e1a03d40feb7502460199a0c7bb7"},"/home/carlos/D/plantomium/src/utils/handle-command.js":{"path":"/home/carlos/D/plantomium/src/utils/handle-command.js","statementMap":{"0":{"start":{"line":1,"column":0},"end":{"line":9,"column":2}},"1":{"start":{"line":1,"column":37},"end":{"line":9,"column":1}},"2":{"start":{"line":2,"column":1},"end":{"line":4,"column":2}},"3":{"start":{"line":3,"column":2},"end":{"line":3,"column":66}},"4":{"start":{"line":5,"column":1},"end":{"line":7,"column":2}},"5":{"start":{"line":6,"column":2},"end":{"line":6,"column":72}},"6":{"start":{"line":8,"column":1},"end":{"line":8,"column":71}}},"fnMap":{"0":{"name":"(anonymous_0)","decl":{"start":{"line":1,"column":17},"end":{"line":1,"column":18}},"loc":{"start":{"line":1,"column":37},"end":{"line":9,"column":1}},"line":1},"1":{"name":"(anonymous_1)","decl":{"start":{"line":1,"column":37},"end":{"line":1,"column":38}},"loc":{"start":{"line":1,"column":64},"end":{"line":9,"column":1}},"line":1}},"branchMap":{"0":{"loc":{"start":{"line":2,"column":1},"end":{"line":4,"column":2}},"type":"if","locations":[{"start":{"line":2,"column":1},"end":{"line":4,"column":2}},{"start":{"line":2,"column":1},"end":{"line":4,"column":2}}],"line":2},"1":{"loc":{"start":{"line":3,"column":9},"end":{"line":3,"column":65}},"type":"cond-expr","locations":[{"start":{"line":3,"column":40},"end":{"line":3,"column":51}},{"start":{"line":3,"column":54},"end":{"line":3,"column":65}}],"line":3},"2":{"loc":{"start":{"line":5,"column":1},"end":{"line":7,"column":2}},"type":"if","locations":[{"start":{"line":5,"column":1},"end":{"line":7,"column":2}},{"start":{"line":5,"column":1},"end":{"line":7,"column":2}}],"line":5},"3":{"loc":{"start":{"line":6,"column":9},"end":{"line":6,"column":71}},"type":"cond-expr","locations":[{"start":{"line":6,"column":40},"end":{"line":6,"column":58}},{"start":{"line":6,"column":61},"end":{"line":6,"column":71}}],"line":6},"4":{"loc":{"start":{"line":8,"column":8},"end":{"line":8,"column":70}},"type":"cond-expr","locations":[{"start":{"line":8,"column":39},"end":{"line":8,"column":57}},{"start":{"line":8,"column":60},"end":{"line":8,"column":70}}],"line":8}},"s":{"0":1,"1":1,"2":1,"3":0,"4":1,"5":0,"6":1},"f":{"0":1,"1":1},"b":{"0":[0,1],"1":[0,0],"2":[0,1],"3":[0,0],"4":[1,0]},"_coverageSchema":"1a1c01bbd47fc00a2c39e90264f33305004495a9","hash":"54a7eb0741e087b44152df6af968b0f33054fea6","contentHash":"b0d91f3796fa2f18ffffdc8cb97e964bf95648e73bf59a90648d38d9469569e9"},"/home/carlos/D/plantomium/src/utils/initialize-framework.js":{"path":"/home/carlos/D/plantomium/src/utils/initialize-framework.js","statementMap":{"0":{"start":{"line":18,"column":0},"end":{"line":27,"column":1}},"1":{"start":{"line":19,"column":1},"end":{"line":25,"column":2}},"2":{"start":{"line":20,"column":2},"end":{"line":24,"column":4}},"3":{"start":{"line":26,"column":1},"end":{"line":26,"column":8}}},"fnMap":{"0":{"name":"(anonymous_0)","decl":{"start":{"line":18,"column":17},"end":{"line":18,"column":18}},"loc":{"start":{"line":18,"column":51},"end":{"line":27,"column":1}},"line":18}},"branchMap":{"0":{"loc":{"start":{"line":19,"column":1},"end":{"line":25,"column":2}},"type":"if","locations":[{"start":{"line":19,"column":1},"end":{"line":25,"column":2}},{"start":{"line":19,"column":1},"end":{"line":25,"column":2}}],"line":19}},"s":{"0":1,"1":50,"2":50,"3":50},"f":{"0":50},"b":{"0":[50,0]},"_coverageSchema":"1a1c01bbd47fc00a2c39e90264f33305004495a9","hash":"14edff0b62256c4cbfebf8256461ec8d87439578","contentHash":"d2ad832d7cfabb29de4744e787fb7e52677e03fac6ab8ac5dd7df07fa9504921"},"/home/carlos/D/plantomium/src/utils/operation-translations.js":{"path":"/home/carlos/D/plantomium/src/utils/operation-translations.js","statementMap":{"0":{"start":{"line":1,"column":0},"end":{"line":12,"column":2}}},"fnMap":{},"branchMap":{},"s":{"0":1},"f":{},"b":{},"_coverageSchema":"1a1c01bbd47fc00a2c39e90264f33305004495a9","hash":"c62cfd5e4c60372bac0fdada95cd407ff124e278","contentHash":"c89e11ed41d7e5874f07f74e45ad6e014afb4545b0f7bf5c796bf1cb99081f08"},"/home/carlos/D/plantomium/src/utils/render-file.js":{"path":"/home/carlos/D/plantomium/src/utils/render-file.js","statementMap":{"0":{"start":{"line":1,"column":12},"end":{"line":1,"column":26}},"1":{"start":{"line":20,"column":0},"end":{"line":34,"column":1}},"2":{"start":{"line":21,"column":1},"end":{"line":33,"column":2}},"3":{"start":{"line":22,"column":14},"end":{"line":22,"column":63}},"4":{"start":{"line":23,"column":2},"end":{"line":32,"column":5}},"5":{"start":{"line":24,"column":30},"end":{"line":24,"column":68}},"6":{"start":{"line":25,"column":3},"end":{"line":31,"column":6}},"7":{"start":{"line":26,"column":4},"end":{"line":29,"column":5}},"8":{"start":{"line":27,"column":5},"end":{"line":27,"column":33}},"9":{"start":{"line":28,"column":5},"end":{"line":28,"column":24}},"10":{"start":{"line":30,"column":4},"end":{"line":30,"column":20}}},"fnMap":{"0":{"name":"(anonymous_0)","decl":{"start":{"line":20,"column":17},"end":{"line":20,"column":18}},"loc":{"start":{"line":20,"column":49},"end":{"line":34,"column":1}},"line":20},"1":{"name":"(anonymous_1)","decl":{"start":{"line":23,"column":21},"end":{"line":23,"column":22}},"loc":{"start":{"line":23,"column":35},"end":{"line":32,"column":3}},"line":23},"2":{"name":"(anonymous_2)","decl":{"start":{"line":25,"column":48},"end":{"line":25,"column":49}},"loc":{"start":{"line":25,"column":65},"end":{"line":31,"column":4}},"line":25}},"branchMap":{"0":{"loc":{"start":{"line":20,"column":32},"end":{"line":20,"column":47}},"type":"default-arg","locations":[{"start":{"line":20,"column":45},"end":{"line":20,"column":47}}],"line":20},"1":{"loc":{"start":{"line":21,"column":1},"end":{"line":33,"column":2}},"type":"if","locations":[{"start":{"line":21,"column":1},"end":{"line":33,"column":2}},{"start":{"line":21,"column":1},"end":{"line":33,"column":2}}],"line":21},"2":{"loc":{"start":{"line":26,"column":4},"end":{"line":29,"column":5}},"type":"if","locations":[{"start":{"line":26,"column":4},"end":{"line":29,"column":5}},{"start":{"line":26,"column":4},"end":{"line":29,"column":5}}],"line":26}},"s":{"0":1,"1":1,"2":97,"3":97,"4":97,"5":97,"6":97,"7":97,"8":0,"9":0,"10":97},"f":{"0":97,"1":97,"2":97},"b":{"0":[0],"1":[97,0],"2":[0,97]},"_coverageSchema":"1a1c01bbd47fc00a2c39e90264f33305004495a9","hash":"4173140b9a76769a43997d5dc884d8111e3be137","contentHash":"b159970a11583f8c24488440124ca30f4e5f13ad01491c3b4a466093f50ba706"},"/home/carlos/D/plantomium/src/utils/successful-json-response.js":{"path":"/home/carlos/D/plantomium/src/utils/successful-json-response.js","statementMap":{"0":{"start":{"line":18,"column":0},"end":{"line":32,"column":1}},"1":{"start":{"line":19,"column":13},"end":{"line":19,"column":62}},"2":{"start":{"line":20,"column":14},"end":{"line":20,"column":24}},"3":{"start":{"line":21,"column":13},"end":{"line":21,"column":26}},"4":{"start":{"line":22,"column":1},"end":{"line":31,"column":4}}},"fnMap":{"0":{"name":"(anonymous_0)","decl":{"start":{"line":18,"column":17},"end":{"line":18,"column":18}},"loc":{"start":{"line":18,"column":57},"end":{"line":32,"column":1}},"line":18}},"branchMap":{},"s":{"0":1,"1":47,"2":47,"3":47,"4":47},"f":{"0":47},"b":{},"_coverageSchema":"1a1c01bbd47fc00a2c39e90264f33305004495a9","hash":"61beec4f1599f300112fa63d4fd32e7b349ff413","contentHash":"d7c559d9d1387a35081ebe26329b74bd1a2ce426b190345f7c4e2e2bd7aa6288"},"/home/carlos/D/plantomium/src/utils/to-insert-fields-sql.js":{"path":"/home/carlos/D/plantomium/src/utils/to-insert-fields-sql.js","statementMap":{"0":{"start":{"line":1,"column":18},"end":{"line":1,"column":38}},"1":{"start":{"line":20,"column":0},"end":{"line":27,"column":1}},"2":{"start":{"line":21,"column":11},"end":{"line":21,"column":13}},"3":{"start":{"line":22,"column":1},"end":{"line":25,"column":2}},"4":{"start":{"line":22,"column":15},"end":{"line":22,"column":16}},"5":{"start":{"line":23,"column":16},"end":{"line":23,"column":35}},"6":{"start":{"line":24,"column":2},"end":{"line":24,"column":73}},"7":{"start":{"line":26,"column":1},"end":{"line":26,"column":12}}},"fnMap":{"0":{"name":"(anonymous_0)","decl":{"start":{"line":20,"column":17},"end":{"line":20,"column":18}},"loc":{"start":{"line":20,"column":45},"end":{"line":27,"column":1}},"line":20}},"branchMap":{"0":{"loc":{"start":{"line":20,"column":26},"end":{"line":20,"column":43}},"type":"default-arg","locations":[{"start":{"line":20,"column":41},"end":{"line":20,"column":43}}],"line":20},"1":{"loc":{"start":{"line":24,"column":10},"end":{"line":24,"column":34}},"type":"cond-expr","locations":[{"start":{"line":24,"column":26},"end":{"line":24,"column":29}},{"start":{"line":24,"column":32},"end":{"line":24,"column":34}}],"line":24}},"s":{"0":1,"1":1,"2":4,"3":4,"4":4,"5":16,"6":16,"7":4},"f":{"0":4},"b":{"0":[0],"1":[12,4]},"_coverageSchema":"1a1c01bbd47fc00a2c39e90264f33305004495a9","hash":"c2537ac76201992d554452f526d6132c3fd2ce6b","contentHash":"b2a7c7f6f6641f173e9577de8946bc4db7a5be4fd3e8b6e45b5f9e5ed3d469df"},"/home/carlos/D/plantomium/src/utils/to-insert-values-sql.js":{"path":"/home/carlos/D/plantomium/src/utils/to-insert-values-sql.js","statementMap":{"0":{"start":{"line":1,"column":18},"end":{"line":1,"column":38}},"1":{"start":{"line":20,"column":0},"end":{"line":27,"column":1}},"2":{"start":{"line":21,"column":11},"end":{"line":21,"column":13}},"3":{"start":{"line":22,"column":1},"end":{"line":25,"column":2}},"4":{"start":{"line":22,"column":15},"end":{"line":22,"column":16}},"5":{"start":{"line":23,"column":16},"end":{"line":23,"column":35}},"6":{"start":{"line":24,"column":2},"end":{"line":24,"column":71}},"7":{"start":{"line":26,"column":1},"end":{"line":26,"column":12}}},"fnMap":{"0":{"name":"(anonymous_0)","decl":{"start":{"line":20,"column":17},"end":{"line":20,"column":18}},"loc":{"start":{"line":20,"column":45},"end":{"line":27,"column":1}},"line":20}},"branchMap":{"0":{"loc":{"start":{"line":20,"column":26},"end":{"line":20,"column":43}},"type":"default-arg","locations":[{"start":{"line":20,"column":41},"end":{"line":20,"column":43}}],"line":20},"1":{"loc":{"start":{"line":24,"column":10},"end":{"line":24,"column":34}},"type":"cond-expr","locations":[{"start":{"line":24,"column":26},"end":{"line":24,"column":29}},{"start":{"line":24,"column":32},"end":{"line":24,"column":34}}],"line":24}},"s":{"0":1,"1":1,"2":4,"3":4,"4":4,"5":16,"6":16,"7":4},"f":{"0":4},"b":{"0":[0],"1":[12,4]},"_coverageSchema":"1a1c01bbd47fc00a2c39e90264f33305004495a9","hash":"5bdc8fd152a8d8866e0daf13734627b5039de8ff","contentHash":"ff7b8e6d9b8e3c92e8248b327991637fb2cc84744f9cf0f4703fc1b74d630a51"},"/home/carlos/D/plantomium/src/utils/to-object-sql.js":{"path":"/home/carlos/D/plantomium/src/utils/to-object-sql.js","statementMap":{"0":{"start":{"line":18,"column":0},"end":{"line":40,"column":1}},"1":{"start":{"line":19,"column":13},"end":{"line":19,"column":15}},"2":{"start":{"line":20,"column":14},"end":{"line":20,"column":16}},"3":{"start":{"line":21,"column":16},"end":{"line":21,"column":38}},"4":{"start":{"line":22,"column":20},"end":{"line":22,"column":24}},"5":{"start":{"line":23,"column":1},"end":{"line":38,"column":2}},"6":{"start":{"line":23,"column":15},"end":{"line":23,"column":16}},"7":{"start":{"line":24,"column":14},"end":{"line":24,"column":25}},"8":{"start":{"line":25,"column":2},"end":{"line":37,"column":3}},"9":{"start":{"line":26,"column":3},"end":{"line":26,"column":25}},"10":{"start":{"line":27,"column":3},"end":{"line":29,"column":4}},"11":{"start":{"line":28,"column":4},"end":{"line":28,"column":87}},"12":{"start":{"line":28,"column":54},"end":{"line":28,"column":85}},"13":{"start":{"line":30,"column":19},"end":{"line":33,"column":9}},"14":{"start":{"line":31,"column":4},"end":{"line":31,"column":68}},"15":{"start":{"line":32,"column":4},"end":{"line":32,"column":18}},"16":{"start":{"line":34,"column":3},"end":{"line":36,"column":4}},"17":{"start":{"line":35,"column":4},"end":{"line":35,"column":23}},"18":{"start":{"line":39,"column":1},"end":{"line":39,"column":13}}},"fnMap":{"0":{"name":"(anonymous_0)","decl":{"start":{"line":18,"column":17},"end":{"line":18,"column":18}},"loc":{"start":{"line":18,"column":56},"end":{"line":40,"column":1}},"line":18},"1":{"name":"(anonymous_1)","decl":{"start":{"line":28,"column":43},"end":{"line":28,"column":44}},"loc":{"start":{"line":28,"column":54},"end":{"line":28,"column":85}},"line":28},"2":{"name":"(anonymous_2)","decl":{"start":{"line":30,"column":39},"end":{"line":30,"column":40}},"loc":{"start":{"line":30,"column":69},"end":{"line":33,"column":4}},"line":30}},"branchMap":{"0":{"loc":{"start":{"line":18,"column":39},"end":{"line":18,"column":54}},"type":"default-arg","locations":[{"start":{"line":18,"column":50},"end":{"line":18,"column":54}}],"line":18},"1":{"loc":{"start":{"line":25,"column":2},"end":{"line":37,"column":3}},"type":"if","locations":[{"start":{"line":25,"column":2},"end":{"line":37,"column":3}},{"start":{"line":25,"column":2},"end":{"line":37,"column":3}}],"line":25},"2":{"loc":{"start":{"line":27,"column":3},"end":{"line":29,"column":4}},"type":"if","locations":[{"start":{"line":27,"column":3},"end":{"line":29,"column":4}},{"start":{"line":27,"column":3},"end":{"line":29,"column":4}}],"line":27},"3":{"loc":{"start":{"line":30,"column":40},"end":{"line":30,"column":51}},"type":"default-arg","locations":[{"start":{"line":30,"column":49},"end":{"line":30,"column":51}}],"line":30},"4":{"loc":{"start":{"line":34,"column":3},"end":{"line":36,"column":4}},"type":"if","locations":[{"start":{"line":34,"column":3},"end":{"line":36,"column":4}},{"start":{"line":34,"column":3},"end":{"line":36,"column":4}}],"line":34}},"s":{"0":1,"1":17,"2":17,"3":17,"4":17,"5":17,"6":17,"7":17,"8":17,"9":17,"10":17,"11":17,"12":232,"13":17,"14":88,"15":88,"16":17,"17":11,"18":17},"f":{"0":17,"1":232,"2":88},"b":{"0":[5],"1":[17,0],"2":[17,0],"3":[0],"4":[11,6]},"_coverageSchema":"1a1c01bbd47fc00a2c39e90264f33305004495a9","hash":"954a1be815e99a01fc8e76b474b874268e613768","contentHash":"9e933202080a780b8a3c9ee1e8c15e5fb19d5082f13476a518b06e72599b4235"},"/home/carlos/D/plantomium/src/utils/to-select-fields-sql.js":{"path":"/home/carlos/D/plantomium/src/utils/to-select-fields-sql.js","statementMap":{"0":{"start":{"line":1,"column":18},"end":{"line":1,"column":38}},"1":{"start":{"line":20,"column":0},"end":{"line":113,"column":1}},"2":{"start":{"line":21,"column":11},"end":{"line":21,"column":13}},"3":{"start":{"line":22,"column":17},"end":{"line":22,"column":22}},"4":{"start":{"line":23,"column":13},"end":{"line":23,"column":62}},"5":{"start":{"line":24,"column":16},"end":{"line":24,"column":116}},"6":{"start":{"line":25,"column":19},"end":{"line":25,"column":54}},"7":{"start":{"line":27,"column":1},"end":{"line":108,"column":2}},"8":{"start":{"line":31,"column":2},"end":{"line":67,"column":3}},"9":{"start":{"line":32,"column":2},"end":{"line":67,"column":3}},"10":{"start":{"line":32,"column":22},"end":{"line":32,"column":23}},"11":{"start":{"line":33,"column":17},"end":{"line":33,"column":36}},"12":{"start":{"line":35,"column":3},"end":{"line":37,"column":4}},"13":{"start":{"line":36,"column":4},"end":{"line":36,"column":95}},"14":{"start":{"line":39,"column":3},"end":{"line":47,"column":4}},"15":{"start":{"line":40,"column":4},"end":{"line":46,"column":7}},"16":{"start":{"line":41,"column":19},"end":{"line":41,"column":37}},"17":{"start":{"line":42,"column":5},"end":{"line":42,"column":37}},"18":{"start":{"line":43,"column":5},"end":{"line":43,"column":38}},"19":{"start":{"line":44,"column":5},"end":{"line":44,"column":34}},"20":{"start":{"line":45,"column":5},"end":{"line":45,"column":22}},"21":{"start":{"line":49,"column":3},"end":{"line":51,"column":4}},"22":{"start":{"line":50,"column":4},"end":{"line":50,"column":29}},"23":{"start":{"line":52,"column":17},"end":{"line":52,"column":55}},"24":{"start":{"line":53,"column":22},"end":{"line":53,"column":40}},"25":{"start":{"line":56,"column":3},"end":{"line":64,"column":6}},"26":{"start":{"line":57,"column":4},"end":{"line":63,"column":7}},"27":{"start":{"line":58,"column":19},"end":{"line":58,"column":41}},"28":{"start":{"line":59,"column":5},"end":{"line":59,"column":37}},"29":{"start":{"line":60,"column":5},"end":{"line":60,"column":38}},"30":{"start":{"line":61,"column":5},"end":{"line":61,"column":34}},"31":{"start":{"line":62,"column":5},"end":{"line":62,"column":22}},"32":{"start":{"line":68,"column":8},"end":{"line":108,"column":2}},"33":{"start":{"line":70,"column":2},"end":{"line":105,"column":3}},"34":{"start":{"line":72,"column":3},"end":{"line":86,"column":4}},"35":{"start":{"line":72,"column":17},"end":{"line":72,"column":18}},"36":{"start":{"line":73,"column":23},"end":{"line":73,"column":42}},"37":{"start":{"line":74,"column":4},"end":{"line":76,"column":5}},"38":{"start":{"line":75,"column":5},"end":{"line":75,"column":75}},"39":{"start":{"line":78,"column":21},"end":{"line":78,"column":42}},"40":{"start":{"line":79,"column":23},"end":{"line":79,"column":104}},"41":{"start":{"line":80,"column":24},"end":{"line":80,"column":73}},"42":{"start":{"line":81,"column":18},"end":{"line":81,"column":94}},"43":{"start":{"line":82,"column":4},"end":{"line":82,"column":38}},"44":{"start":{"line":83,"column":4},"end":{"line":83,"column":42}},"45":{"start":{"line":84,"column":4},"end":{"line":84,"column":33}},"46":{"start":{"line":85,"column":4},"end":{"line":85,"column":21}},"47":{"start":{"line":88,"column":3},"end":{"line":104,"column":4}},"48":{"start":{"line":90,"column":22},"end":{"line":90,"column":31}},"49":{"start":{"line":91,"column":24},"end":{"line":91,"column":68}},"50":{"start":{"line":92,"column":4},"end":{"line":100,"column":5}},"51":{"start":{"line":92,"column":24},"end":{"line":92,"column":25}},"52":{"start":{"line":94,"column":20},"end":{"line":94,"column":44}},"53":{"start":{"line":95,"column":19},"end":{"line":95,"column":43}},"54":{"start":{"line":96,"column":5},"end":{"line":96,"column":39}},"55":{"start":{"line":97,"column":5},"end":{"line":97,"column":43}},"56":{"start":{"line":98,"column":5},"end":{"line":98,"column":34}},"57":{"start":{"line":99,"column":5},"end":{"line":99,"column":22}},"58":{"start":{"line":103,"column":4},"end":{"line":103,"column":15}},"59":{"start":{"line":107,"column":2},"end":{"line":107,"column":104}},"60":{"start":{"line":109,"column":1},"end":{"line":111,"column":2}},"61":{"start":{"line":110,"column":2},"end":{"line":110,"column":12}},"62":{"start":{"line":112,"column":1},"end":{"line":112,"column":12}}},"fnMap":{"0":{"name":"(anonymous_0)","decl":{"start":{"line":20,"column":17},"end":{"line":20,"column":18}},"loc":{"start":{"line":20,"column":110},"end":{"line":113,"column":1}},"line":20},"1":{"name":"(anonymous_1)","decl":{"start":{"line":40,"column":53},"end":{"line":40,"column":54}},"loc":{"start":{"line":40,"column":61},"end":{"line":46,"column":5}},"line":40},"2":{"name":"(anonymous_2)","decl":{"start":{"line":56,"column":22},"end":{"line":56,"column":23}},"loc":{"start":{"line":56,"column":35},"end":{"line":64,"column":4}},"line":56},"3":{"name":"(anonymous_3)","decl":{"start":{"line":57,"column":57},"end":{"line":57,"column":58}},"loc":{"start":{"line":57,"column":65},"end":{"line":63,"column":5}},"line":57}},"branchMap":{"0":{"loc":{"start":{"line":20,"column":26},"end":{"line":20,"column":50}},"type":"default-arg","locations":[{"start":{"line":20,"column":41},"end":{"line":20,"column":50}}],"line":20},"1":{"loc":{"start":{"line":20,"column":52},"end":{"line":20,"column":68}},"type":"default-arg","locations":[{"start":{"line":20,"column":66},"end":{"line":20,"column":68}}],"line":20},"2":{"loc":{"start":{"line":20,"column":70},"end":{"line":20,"column":88}},"type":"default-arg","locations":[{"start":{"line":20,"column":84},"end":{"line":20,"column":88}}],"line":20},"3":{"loc":{"start":{"line":20,"column":90},"end":{"line":20,"column":108}},"type":"default-arg","locations":[{"start":{"line":20,"column":104},"end":{"line":20,"column":108}}],"line":20},"4":{"loc":{"start":{"line":24,"column":16},"end":{"line":24,"column":116}},"type":"cond-expr","locations":[{"start":{"line":24,"column":45},"end":{"line":24,"column":56}},{"start":{"line":24,"column":59},"end":{"line":24,"column":116}}],"line":24},"5":{"loc":{"start":{"line":24,"column":59},"end":{"line":24,"column":116}},"type":"cond-expr","locations":[{"start":{"line":24,"column":96},"end":{"line":24,"column":109}},{"start":{"line":24,"column":112},"end":{"line":24,"column":116}}],"line":24},"6":{"loc":{"start":{"line":27,"column":1},"end":{"line":108,"column":2}},"type":"if","locations":[{"start":{"line":27,"column":1},"end":{"line":108,"column":2}},{"start":{"line":27,"column":1},"end":{"line":108,"column":2}}],"line":27},"7":{"loc":{"start":{"line":35,"column":3},"end":{"line":37,"column":4}},"type":"if","locations":[{"start":{"line":35,"column":3},"end":{"line":37,"column":4}},{"start":{"line":35,"column":3},"end":{"line":37,"column":4}}],"line":35},"8":{"loc":{"start":{"line":39,"column":3},"end":{"line":47,"column":4}},"type":"if","locations":[{"start":{"line":39,"column":3},"end":{"line":47,"column":4}},{"start":{"line":39,"column":3},"end":{"line":47,"column":4}}],"line":39},"9":{"loc":{"start":{"line":42,"column":12},"end":{"line":42,"column":36}},"type":"cond-expr","locations":[{"start":{"line":42,"column":24},"end":{"line":42,"column":31}},{"start":{"line":42,"column":34},"end":{"line":42,"column":36}}],"line":42},"10":{"loc":{"start":{"line":49,"column":3},"end":{"line":51,"column":4}},"type":"if","locations":[{"start":{"line":49,"column":3},"end":{"line":51,"column":4}},{"start":{"line":49,"column":3},"end":{"line":51,"column":4}}],"line":49},"11":{"loc":{"start":{"line":59,"column":12},"end":{"line":59,"column":36}},"type":"cond-expr","locations":[{"start":{"line":59,"column":24},"end":{"line":59,"column":31}},{"start":{"line":59,"column":34},"end":{"line":59,"column":36}}],"line":59},"12":{"loc":{"start":{"line":68,"column":8},"end":{"line":108,"column":2}},"type":"if","locations":[{"start":{"line":68,"column":8},"end":{"line":108,"column":2}},{"start":{"line":68,"column":8},"end":{"line":108,"column":2}}],"line":68},"13":{"loc":{"start":{"line":70,"column":2},"end":{"line":105,"column":3}},"type":"if","locations":[{"start":{"line":70,"column":2},"end":{"line":105,"column":3}},{"start":{"line":70,"column":2},"end":{"line":105,"column":3}}],"line":70},"14":{"loc":{"start":{"line":74,"column":4},"end":{"line":76,"column":5}},"type":"if","locations":[{"start":{"line":74,"column":4},"end":{"line":76,"column":5}},{"start":{"line":74,"column":4},"end":{"line":76,"column":5}}],"line":74},"15":{"loc":{"start":{"line":79,"column":23},"end":{"line":79,"column":104}},"type":"cond-expr","locations":[{"start":{"line":79,"column":47},"end":{"line":79,"column":58}},{"start":{"line":79,"column":61},"end":{"line":79,"column":104}}],"line":79},"16":{"loc":{"start":{"line":79,"column":61},"end":{"line":79,"column":104}},"type":"cond-expr","locations":[{"start":{"line":79,"column":83},"end":{"line":79,"column":92}},{"start":{"line":79,"column":95},"end":{"line":79,"column":104}}],"line":79},"17":{"loc":{"
[...]
:23,"column":66}},"7":{"start":{"line":24,"column":2},"end":{"line":24,"column":14}},"8":{"start":{"line":26,"column":2},"end":{"line":26,"column":66}}},"fnMap":{"0":{"name":"(anonymous_0)","decl":{"start":{"line":18,"column":17},"end":{"line":18,"column":18}},"loc":{"start":{"line":18,"column":23},"end":{"line":28,"column":1}},"line":18},"1":{"name":"(anonymous_1)","decl":{"start":{"line":18,"column":23},"end":{"line":18,"column":24}},"loc":{"start":{"line":18,"column":63},"end":{"line":28,"column":1}},"line":18}},"branchMap":{},"s":{"0":1,"1":1,"2":3,"3":3,"4":3,"5":3,"6":2,"7":2,"8":1},"f":{"0":1,"1":3},"b":{},"_coverageSchema":"1a1c01bbd47fc00a2c39e90264f33305004495a9","hash":"5e9c55fdece512177bbb305a370b17f1eb6970e8","contentHash":"daba41637a85855a3de0c0632fd7dc0c78ad4cd57cbbb349b62d26dcb3ed97aa"},"/home/carlos/D/plantomium/src/auth/controllers/logout.js":{"path":"/home/carlos/D/plantomium/src/auth/controllers/logout.js","statementMap":{"0":{"start":{"line":1,"column":12},"end":{"line":1,"column":61}},"1":{"start":{"line":20,"column":0},"end":{"line":29,"column":2}},"2":{"start":{"line":20,"column":23},"end":{"line":29,"column":1}},"3":{"start":{"line":21,"column":1},"end":{"line":28,"column":2}},"4":{"start":{"line":22,"column":15},"end":{"line":24,"column":4}},"5":{"start":{"line":25,"column":2},"end":{"line":25,"column":66}},"6":{"start":{"line":27,"column":2},"end":{"line":27,"column":66}}},"fnMap":{"0":{"name":"(anonymous_0)","decl":{"start":{"line":20,"column":17},"end":{"line":20,"column":18}},"loc":{"start":{"line":20,"column":23},"end":{"line":29,"column":1}},"line":20},"1":{"name":"(anonymous_1)","decl":{"start":{"line":20,"column":23},"end":{"line":20,"column":24}},"loc":{"start":{"line":20,"column":63},"end":{"line":29,"column":1}},"line":20}},"branchMap":{},"s":{"0":1,"1":1,"2":1,"3":1,"4":1,"5":1,"6":0},"f":{"0":1,"1":1},"b":{},"_coverageSchema":"1a1c01bbd47fc00a2c39e90264f33305004495a9","hash":"902ce56ee6c050a8b54b74ca93f5f0fa4d581285","contentHash":"49218b1ee82d9f5a3d1baad5851ecddb71a708bcea723cd6c7b422263b4a6ea5"},"/home/carlos/D/plantomium/src/auth/controllers/recover.js":{"path":"/home/carlos/D/plantomium/src/auth/controllers/recover.js","statementMap":{"0":{"start":{"line":18,"column":0},"end":{"line":29,"column":2}},"1":{"start":{"line":18,"column":23},"end":{"line":29,"column":1}},"2":{"start":{"line":19,"column":13},"end":{"line":19,"column":62}},"3":{"start":{"line":20,"column":1},"end":{"line":28,"column":2}},"4":{"start":{"line":21,"column":15},"end":{"line":24,"column":4}},"5":{"start":{"line":25,"column":2},"end":{"line":25,"column":66}},"6":{"start":{"line":27,"column":2},"end":{"line":27,"column":66}}},"fnMap":{"0":{"name":"(anonymous_0)","decl":{"start":{"line":18,"column":17},"end":{"line":18,"column":18}},"loc":{"start":{"line":18,"column":23},"end":{"line":29,"column":1}},"line":18},"1":{"name":"(anonymous_1)","decl":{"start":{"line":18,"column":23},"end":{"line":18,"column":24}},"loc":{"start":{"line":18,"column":63},"end":{"line":29,"column":1}},"line":18}},"branchMap":{},"s":{"0":1,"1":1,"2":1,"3":1,"4":1,"5":1,"6":0},"f":{"0":1,"1":1},"b":{},"_coverageSchema":"1a1c01bbd47fc00a2c39e90264f33305004495a9","hash":"ea4013daab85cba6997c412e3dd7151d6c173914","contentHash":"cbea7e65ff81b8bf9665d2182898accc483bcf8ce127774364f286e2a9e43d80"},"/home/carlos/D/plantomium/src/auth/controllers/refresh.js":{"path":"/home/carlos/D/plantomium/src/auth/controllers/refresh.js","statementMap":{"0":{"start":{"line":18,"column":0},"end":{"line":28,"column":2}},"1":{"start":{"line":18,"column":23},"end":{"line":28,"column":1}},"2":{"start":{"line":19,"column":13},"end":{"line":19,"column":62}},"3":{"start":{"line":20,"column":1},"end":{"line":27,"column":2}},"4":{"start":{"line":21,"column":24},"end":{"line":21,"column":82}},"5":{"start":{"line":22,"column":24},"end":{"line":22,"column":50}},"6":{"start":{"line":23,"column":15},"end":{"line":23,"column":78}},"7":{"start":{"line":24,"column":2},"end":{"line":24,"column":66}},"8":{"start":{"line":26,"column":2},"end":{"line":26,"column":66}}},"fnMap":{"0":{"name":"(anonymous_0)","decl":{"start":{"line":18,"column":17},"end":{"line":18,"column":18}},"loc":{"start":{"line":18,"column":23},"end":{"line":28,"column":1}},"line":18},"1":{"name":"(anonymous_1)","decl":{"start":{"line":18,"column":23},"end":{"line":18,"column":24}},"loc":{"start":{"line":18,"column":63},"end":{"line":28,"column":1}},"line":18}},"branchMap":{},"s":{"0":1,"1":1,"2":1,"3":1,"4":1,"5":1,"6":1,"7":1,"8":0},"f":{"0":1,"1":1},"b":{},"_coverageSchema":"1a1c01bbd47fc00a2c39e90264f33305004495a9","hash":"26e4e3d2fb1c7782225d273346e4c0f43d4c3e95","contentHash":"224118b0a3531163ab727fcf70ab520d5b540a6b8a9346f1901b36f19806b954"},"/home/carlos/D/plantomium/src/auth/controllers/register.js":{"path":"/home/carlos/D/plantomium/src/auth/controllers/register.js","statementMap":{"0":{"start":{"line":18,"column":0},"end":{"line":32,"column":2}},"1":{"start":{"line":18,"column":23},"end":{"line":32,"column":1}},"2":{"start":{"line":19,"column":13},"end":{"line":19,"column":62}},"3":{"start":{"line":20,"column":1},"end":{"line":31,"column":2}},"4":{"start":{"line":21,"column":15},"end":{"line":26,"column":4}},"5":{"start":{"line":27,"column":2},"end":{"line":27,"column":66}},"6":{"start":{"line":28,"column":2},"end":{"line":28,"column":14}},"7":{"start":{"line":30,"column":2},"end":{"line":30,"column":66}}},"fnMap":{"0":{"name":"(anonymous_0)","decl":{"start":{"line":18,"column":17},"end":{"line":18,"column":18}},"loc":{"start":{"line":18,"column":23},"end":{"line":32,"column":1}},"line":18},"1":{"name":"(anonymous_1)","decl":{"start":{"line":18,"column":23},"end":{"line":18,"column":24}},"loc":{"start":{"line":18,"column":63},"end":{"line":32,"column":1}},"line":18}},"branchMap":{},"s":{"0":1,"1":1,"2":1,"3":1,"4":1,"5":1,"6":1,"7":0},"f":{"0":1,"1":1},"b":{},"_coverageSchema":"1a1c01bbd47fc00a2c39e90264f33305004495a9","hash":"a09d17d931e8c903431ac770f76b758819cadd00","contentHash":"a43f149d271e5ea17d48ef4cdd923203caa52192bc3ba8f70c6832c62d99bed7"},"/home/carlos/D/plantomium/src/auth/controllers/unregister.js":{"path":"/home/carlos/D/plantomium/src/auth/controllers/unregister.js","statementMap":{"0":{"start":{"line":18,"column":0},"end":{"line":28,"column":2}},"1":{"start":{"line":18,"column":23},"end":{"line":28,"column":1}},"2":{"start":{"line":19,"column":13},"end":{"line":19,"column":62}},"3":{"start":{"line":20,"column":1},"end":{"line":27,"column":2}},"4":{"start":{"line":21,"column":24},"end":{"line":21,"column":82}},"5":{"start":{"line":22,"column":19},"end":{"line":22,"column":40}},"6":{"start":{"line":23,"column":15},"end":{"line":23,"column":104}},"7":{"start":{"line":24,"column":2},"end":{"line":24,"column":66}},"8":{"start":{"line":26,"column":2},"end":{"line":26,"column":66}}},"fnMap":{"0":{"name":"(anonymous_0)","decl":{"start":{"line":18,"column":17},"end":{"line":18,"column":18}},"loc":{"start":{"line":18,"column":23},"end":{"line":28,"column":1}},"line":18},"1":{"name":"(anonymous_1)","decl":{"start":{"line":18,"column":23},"end":{"line":18,"column":24}},"loc":{"start":{"line":18,"column":63},"end":{"line":28,"column":1}},"line":18}},"branchMap":{},"s":{"0":1,"1":1,"2":1,"3":1,"4":1,"5":1,"6":1,"7":1,"8":0},"f":{"0":1,"1":1},"b":{},"_coverageSchema":"1a1c01bbd47fc00a2c39e90264f33305004495a9","hash":"456287cb0359e98d97f3dbcb545690bd864f3bc3","contentHash":"8550467ddd0d0c31ecad5057c133463d70aa5e67c76de04b5fdc484479cb3c14"},"/home/carlos/D/plantomium/src/history/connection.js":{"path":"/home/carlos/D/plantomium/src/history/connection.js","statementMap":{"0":{"start":{"line":18,"column":0},"end":{"line":25,"column":3}}},"fnMap":{},"branchMap":{},"s":{"0":1},"f":{},"b":{},"_coverageSchema":"1a1c01bbd47fc00a2c39e90264f33305004495a9","hash":"e9988af44f75733d3d52ccd0cce20b485dc27040","contentHash":"2e3a7ecf4bd09f35fd824c01c2d9c812d6e63d5d8cfd762732c68b1d43a689e2"},"/home/carlos/D/plantomium/src/history/actors/insert-data.js":{"path":"/home/carlos/D/plantomium/src/history/actors/insert-data.js","statementMap":{"0":{"start":{"line":1,"column":0},"end":{"line":3,"column":1}}},"fnMap":{"0":{"name":"(anonymous_0)","decl":{"start":{"line":1,"column":17},"end":{"line":1,"column":18}},"loc":{"start":{"line":1,"column":28},"end":{"line":3,"column":1}},"line":1}},"branchMap":{},"s":{"0":1},"f":{"0":0},"b":{},"_coverageSchema":"1a1c01bbd47fc00a2c39e90264f33305004495a9","hash":"167955cf457a720fa29dbbf3a4b080d755dcbfa0","contentHash":"529a73b159197ef26925be9c894bdd6451c065baa2c0b5cb6b0be7f6457de6f9"},"/home/carlos/D/plantomium/src/history/actors/insert-event.js":{"path":"/home/carlos/D/plantomium/src/history/actors/insert-event.js","statementMap":{"0":{"start":{"line":1,"column":0},"end":{"line":3,"column":1}}},"fnMap":{"0":{"name":"(anonymous_0)","decl":{"start":{"line":1,"column":17},"end":{"line":1,"column":18}},"loc":{"start":{"line":1,"column":28},"end":{"line":3,"column":1}},"line":1}},"branchMap":{},"s":{"0":1},"f":{"0":0},"b":{},"_coverageSchema":"1a1c01bbd47fc00a2c39e90264f33305004495a9","hash":"40b209c7fac066e0edf8804e8cf86062ef81e074","contentHash":"25d8fdad803407f869342628cfb2d72a005ffdfcbfe541000489cf0b022a0e73"},"/home/carlos/D/plantomium/src/history/controllers/history-controller.js":{"path":"/home/carlos/D/plantomium/src/history/controllers/history-controller.js","statementMap":{"0":{"start":{"line":1,"column":0},"end":{"line":3,"column":1}}},"fnMap":{"0":{"name":"(anonymous_0)","decl":{"start":{"line":1,"column":17},"end":{"line":1,"column":18}},"loc":{"start":{"line":1,"column":28},"end":{"line":3,"column":1}},"line":1}},"branchMap":{},"s":{"0":1},"f":{"0":0},"b":{},"_coverageSchema":"1a1c01bbd47fc00a2c39e90264f33305004495a9","hash":"cebbf0569a9a788439002664a01f7d0b93cd2ed9","contentHash":"8237c3ac1274f31763de2968ef1ab2aa5074e3b5cd6c45e08c445c4095d43476"},"/home/carlos/D/plantomium/src/router/rest.js":{"path":"/home/carlos/D/plantomium/src/router/rest.js","statementMap":{"0":{"start":{"line":1,"column":0},"end":{"line":29,"column":1}},"1":{"start":{"line":2,"column":1},"end":{"line":2,"column":75}},"2":{"start":{"line":3,"column":1},"end":{"line":3,"column":78}},"3":{"start":{"line":4,"column":1},"end":{"line":4,"column":77}},"4":{"start":{"line":5,"column":1},"end":{"line":5,"column":72}},"5":{"start":{"line":6,"column":1},"end":{"line":6,"column":75}},"6":{"start":{"line":7,"column":1},"end":{"line":7,"column":79}},"7":{"start":{"line":8,"column":1},"end":{"line":8,"column":72}},"8":{"start":{"line":9,"column":1},"end":{"line":9,"column":75}},"9":{"start":{"line":10,"column":1},"end":{"line":10,"column":72}},"10":{"start":{"line":11,"column":1},"end":{"line":11,"column":71}},"11":{"start":{"line":12,"column":1},"end":{"line":12,"column":76}},"12":{"start":{"line":13,"column":1},"end":{"line":13,"column":62}},"13":{"start":{"line":14,"column":1},"end":{"line":14,"column":67}},"14":{"start":{"line":15,"column":1},"end":{"line":15,"column":65}},"15":{"start":{"line":16,"column":1},"end":{"line":16,"column":64}},"16":{"start":{"line":17,"column":1},"end":{"line":17,"column":60}},"17":{"start":{"line":18,"column":1},"end":{"line":18,"column":65}},"18":{"start":{"line":19,"column":1},"end":{"line":19,"column":66}},"19":{"start":{"line":20,"column":1},"end":{"line":20,"column":59}},"20":{"start":{"line":21,"column":1},"end":{"line":21,"column":66}},"21":{"start":{"line":22,"column":1},"end":{"line":22,"column":65}},"22":{"start":{"line":23,"column":1},"end":{"line":23,"column":59}},"23":{"start":{"line":24,"column":1},"end":{"line":24,"column":62}},"24":{"start":{"line":25,"column":1},"end":{"line":25,"column":62}},"25":{"start":{"line":26,"column":1},"end":{"line":26,"column":59}},"26":{"start":{"line":27,"column":1},"end":{"line":27,"column":60}},"27":{"start":{"line":28,"column":1},"end":{"line":28,"column":59}}},"fnMap":{"0":{"name":"(anonymous_0)","decl":{"start":{"line":1,"column":17},"end":{"line":1,"column":18}},"loc":{"start":{"line":1,"column":39},"end":{"line":29,"column":1}},"line":1}},"branchMap":{},"s":{"0":1,"1":1,"2":1,"3":1,"4":1,"5":1,"6":1,"7":1,"8":1,"9":1,"10":1,"11":1,"12":1,"13":1,"14":1,"15":1,"16":1,"17":1,"18":1,"19":1,"20":1,"21":1,"22":1,"23":1,"24":1,"25":1,"26":1,"27":1},"f":{"0":1},"b":{},"_coverageSchema":"1a1c01bbd47fc00a2c39e90264f33305004495a9","hash":"25abf51773583effaf08b7c0471caa5f6d2802c5","contentHash":"7d348419a0389bcf6ad2775dc2bad801856008b5bb25c173e9db2cea46b246a6"},"/home/carlos/D/plantomium/src/router/auth.js":{"path":"/home/carlos/D/plantomium/src/router/auth.js","statementMap":{"0":{"start":{"line":18,"column":0},"end":{"line":29,"column":1}},"1":{"start":{"line":19,"column":14},"end":{"line":19,"column":58}},"2":{"start":{"line":20,"column":17},"end":{"line":20,"column":45}},"3":{"start":{"line":21,"column":1},"end":{"line":21,"column":75}},"4":{"start":{"line":22,"column":1},"end":{"line":22,"column":73}},"5":{"start":{"line":23,"column":1},"end":{"line":23,"column":69}},"6":{"start":{"line":24,"column":1},"end":{"line":24,"column":110}},"7":{"start":{"line":25,"column":1},"end":{"line":25,"column":108}},"8":{"start":{"line":26,"column":1},"end":{"line":26,"column":73}},"9":{"start":{"line":27,"column":1},"end":{"line":27,"column":71}},"10":{"start":{"line":28,"column":1},"end":{"line":28,"column":116}}},"fnMap":{"0":{"name":"(anonymous_0)","decl":{"start":{"line":18,"column":17},"end":{"line":18,"column":18}},"loc":{"start":{"line":18,"column":39},"end":{"line":29,"column":1}},"line":18}},"branchMap":{"0":{"loc":{"start":{"line":19,"column":14},"end":{"line":19,"column":58}},"type":"binary-expr","locations":[{"start":{"line":19,"column":14},"end":{"line":19,"column":44}},{"start":{"line":19,"column":48},"end":{"line":19,"column":58}}],"line":19}},"s":{"0":1,"1":1,"2":1,"3":1,"4":1,"5":1,"6":1,"7":1,"8":1,"9":1,"10":1},"f":{"0":1},"b":{"0":[1,0]},"_coverageSchema":"1a1c01bbd47fc00a2c39e90264f33305004495a9","hash":"bb5e72c02762b7ed23a3499b27c824951c67c63b","contentHash":"08b3c24cee19c9ad15641d09af4719381c44b4399b828fd3676427f1a07c88f8"},"/home/carlos/D/plantomium/src/router/history.js":{"path":"/home/carlos/D/plantomium/src/router/history.js","statementMap":{"0":{"start":{"line":18,"column":0},"end":{"line":20,"column":1}}},"fnMap":{"0":{"name":"(anonymous_0)","decl":{"start":{"line":18,"column":17},"end":{"line":18,"column":18}},"loc":{"start":{"line":18,"column":39},"end":{"line":20,"column":1}},"line":18}},"branchMap":{},"s":{"0":1},"f":{"0":1},"b":{},"_coverageSchema":"1a1c01bbd47fc00a2c39e90264f33305004495a9","hash":"83bff1616b9bc814b5905776af27d77bce610755","contentHash":"420a9eb0bd00f99c41d816fe81ead5b28896794f38da506f40e0172309c46b18"},"/home/carlos/D/plantomium/src/rest/helpers/delete-cascade.js":{"path":"/home/carlos/D/plantomium/src/rest/helpers/delete-cascade.js","statementMap":{"0":{"start":{"line":1,"column":0},"end":{"line":50,"column":1}},"1":{"start":{"line":2,"column":1},"end":{"line":49,"column":2}},"2":{"start":{"line":3,"column":39},"end":{"line":3,"column":43}},"3":{"start":{"line":4,"column":26},"end":{"line":4,"column":78}},"4":{"start":{"line":5,"column":28},"end":{"line":5,"column":149}},"5":{"start":{"line":6,"column":2},"end":{"line":9,"column":3}},"6":{"start":{"line":7,"column":3},"end":{"line":7,"column":33}},"7":{"start":{"line":8,"column":3},"end":{"line":8,"column":15}},"8":{"start":{"line":10,"column":2},"end":{"line":13,"column":3}},"9":{"start":{"line":12,"column":3},"end":{"line":12,"column":105}},"10":{"start":{"line":14,"column":22},"end":{"line":19,"column":3}},"11":{"start":{"line":17,"column":19},"end":{"line":17,"column":71}},"12":{"start":{"line":20,"column":2},"end":{"line":23,"column":3}},"13":{"start":{"line":21,"column":3},"end":{"line":21,"column":33}},"14":{"start":{"line":22,"column":3},"end":{"line":22,"column":15}},"15":{"start":{"line":24,"column":2},"end":{"line":45,"column":3}},"16":{"start":{"line":24,"column":16},"end":{"line":24,"column":17}},"17":{"start":{"line":25,"column":29},"end":{"line":25,"column":53}},"18":{"start":{"line":26,"column":50},"end":{"line":26,"column":67}},"19":{"start":{"line":27,"column":3},"end":{"line":44,"column":4}},"20":{"start":{"line":29,"column":23},"end":{"line":29,"column":68}},"21":{"start":{"line":30,"column":31},"end":{"line":30,"column":57}},"22":{"start":{"line":31,"column":21},"end":{"line":35,"column":7}},"23":{"start":{"line":36,"column":5},"end":{"line":36,"column":38}},"24":{"start":{"line":37,"column":5},"end":{"line":37,"column":11}},"25":{"start":{"line":39,"column":5},"end":{"line":39,"column":81}},"26":{"start":{"line":40,"column":5},"end":{"line":40,"column":11}},"27":{"start":{"line":42,"column":5},"end":{"line":42,"column":81}},"28":{"start":{"line":43,"column":5},"end":{"line":43,"column":11}},"29":{"start":{"line":46,"column":2},"end":{"line":46,"column":14}},"30":{"start":{"line":48,"column":2},"end":{"line":48,"column":21}}},"fnMap":{"0":{"name":"(anonymous_0)","decl":{"start":{"line":1,"column":17},"end":{"line":1,"column":18}},"loc":{"start":{"line":1,"column":48},"end":{"line":50,"column":1}},"line":1},"1":{"name":"(anonymous_1)","decl":{"start":{"line":17,"column":9},"end":{"line":17,"column":10}},"loc":{"start":{"line":17,"column":19},"end":{"line":17,"column":71}},"line":17}},"branchMap":{"0":{"loc":{"start":{"line":6,"column":2},"end":{"line":9,"column":3}},"type":"if","locations":[{"start":{"line":6,"column":2},"end":{"line":9,"column":3}},{"start":{"line":6,"column":2},"end":{"line":9,"column":3}}],"line":6},"1":{"loc":{"start":{"line":10,"column":2},"end":{"line":13,"column":3}},"type":"if","locations":[{"start":{"line":10,"column":2},"end":{"line":13,"column":3}},{"start":{"line":10,"column":2},"end":{"line":13,"column":3}}],"line":10},"2":{"loc":{"start":{"line":20,"column":2},"end":{"line":23,"column":3}},"type":"if","locations":[{"start":{"line":20,"column":2},"end":{"line":23,"column":3}},{"start":{"line":20,"column":2},"end":{"line":23,"column":3}}],"line":20},"3":{"loc":{"start":{"line":27,"column":3},"end":{"line":44,"column":4}},"type":"switch","locations":[{"start":{"line":28,"column":4},"end":{"line":37,"column":11}},{"start":{"line":38,"column":4},"end":{"line":40,"column":11}},{"start":{"line":41,"column":4},"end":{"line":43,"column":11}}],"line":27},"4":{"loc":{"start":{"line":29,"column":56},"end":{"line":29,"column":67}},"type":"binary-expr","locations":[{"start":{"line":29,"column":56},"end":{"line":29,"column":61}},{"start":{"line":29,"column":65},"end":{"line":29,"column":67}}],"line":29}},"s":{"0":1,"1":5,"2":5,"3":5,"4":5,"5":5,"6":4,"7":4,"8":1,"9":0,"10":1,"11":1,"12":1,"13":0,"14":0,"15":1,"16":1,"17":2,"18":2,"19":2,"20":2,"21":2,"22":2,"23":2,"24":2,"25":0,"26":0,"27":0,"28":0,"29":1,"30":0},"f":{"0":5,"1":1},"b":{"0":[4,1],"1":[0,1],"2":[0,1],"3":[2,0,0],"4":[2,0]},"_coverageSchema":"1a1c01bbd47fc00a2c39e90264f33305004495a9","hash":"05b4156a08d8942b5da66842b1307389cfd7aecb","contentHash":"4f607ab351a885a33506fdac9a22cd3dce4d7ac121bc8f4bd2850d1dc78d8f67"},"/home/carlos/D/plantomium/src/history/helpers/insert-data-from-delete.js":{"path":"/home/carlos/D/plantomium/src/history/helpers/insert-data-from-delete.js","statementMap":{"0":{"start":{"line":1,"column":0},"end":{"line":13,"column":1}},"1":{"start":{"line":2,"column":1},"end":{"line":12,"column":2}},"2":{"start":{"line":3,"column":39},"end":{"line":3,"column":43}},"3":{"start":{"line":9,"column":2},"end":{"line":9,"column":14}},"4":{"start":{"line":11,"column":2},"end":{"line":11,"column":21}}},"fnMap":{"0":{"name":"(anonymous_0)","decl":{"start":{"line":1,"column":17},"end":{"line":1,"column":18}},"loc":{"start":{"line":1,"column":48},"end":{"line":13,"column":1}},"line":1}},"branchMap":{},"s":{"0":1,"1":5,"2":5,"3":5,"4":0},"f":{"0":5},"b":{},"_coverageSchema":"1a1c01bbd47fc00a2c39e90264f33305004495a9","hash":"7673c869240ca7c8f7caed066ce2b8b401e51a6d","contentHash":"f5ef0fa2bc15af2f8596b3ddb71a298398ac62d9fa3734f5b4504ab7468caaa2"}}